<?xml version="1.0" encoding="UTF-8"?>
<testsuite xmlns:xsi="http://www.w3.org/2001/XMLSchema-instance" xsi:noNamespaceSchemaLocation="https://maven.apache.org/surefire/maven-surefire-plugin/xsd/surefire-test-report-3.0.xsd" version="3.0" name="edu.eam.ingesoft.tlf.tester.FlowScriptFunctionsTest" time="0.248" tests="49" errors="0" skipped="0" failures="0">
  <properties>
    <property name="java.specification.version" value="23"/>
    <property name="sun.jnu.encoding" value="UTF-8"/>
    <property name="java.class.path" value="/Users/caferrerb/IdeaProjects/flowscript/target/test-classes:/Users/caferrerb/IdeaProjects/flowscript/target/classes:/Users/caferrerb/.m2/repository/org/antlr/antlr4-runtime/4.13.1/antlr4-runtime-4.13.1.jar:/Users/caferrerb/.m2/repository/org/openjfx/javafx-controls/21.0.1/javafx-controls-21.0.1.jar:/Users/caferrerb/.m2/repository/org/openjfx/javafx-controls/21.0.1/javafx-controls-21.0.1-mac-aarch64.jar:/Users/caferrerb/.m2/repository/org/openjfx/javafx-graphics/21.0.1/javafx-graphics-21.0.1.jar:/Users/caferrerb/.m2/repository/org/openjfx/javafx-graphics/21.0.1/javafx-graphics-21.0.1-mac-aarch64.jar:/Users/caferrerb/.m2/repository/org/openjfx/javafx-base/21.0.1/javafx-base-21.0.1.jar:/Users/caferrerb/.m2/repository/org/openjfx/javafx-base/21.0.1/javafx-base-21.0.1-mac-aarch64.jar:/Users/caferrerb/.m2/repository/org/openjfx/javafx-fxml/21.0.1/javafx-fxml-21.0.1.jar:/Users/caferrerb/.m2/repository/org/openjfx/javafx-fxml/21.0.1/javafx-fxml-21.0.1-mac-aarch64.jar:/Users/caferrerb/.m2/repository/org/fxmisc/richtext/richtextfx/0.11.2/richtextfx-0.11.2.jar:/Users/caferrerb/.m2/repository/org/reactfx/reactfx/2.0-M5/reactfx-2.0-M5.jar:/Users/caferrerb/.m2/repository/org/fxmisc/undo/undofx/2.1.1/undofx-2.1.1.jar:/Users/caferrerb/.m2/repository/org/fxmisc/flowless/flowless/0.7.2/flowless-0.7.2.jar:/Users/caferrerb/.m2/repository/org/fxmisc/wellbehaved/wellbehavedfx/0.3.3/wellbehavedfx-0.3.3.jar:/Users/caferrerb/.m2/repository/org/controlsfx/controlsfx/11.2.0/controlsfx-11.2.0.jar:/Users/caferrerb/.m2/repository/com/fasterxml/jackson/core/jackson-databind/2.16.0/jackson-databind-2.16.0.jar:/Users/caferrerb/.m2/repository/com/fasterxml/jackson/core/jackson-annotations/2.16.0/jackson-annotations-2.16.0.jar:/Users/caferrerb/.m2/repository/com/fasterxml/jackson/core/jackson-core/2.16.0/jackson-core-2.16.0.jar:/Users/caferrerb/.m2/repository/org/slf4j/slf4j-api/2.0.9/slf4j-api-2.0.9.jar:/Users/caferrerb/.m2/repository/ch/qos/logback/logback-classic/1.4.14/logback-classic-1.4.14.jar:/Users/caferrerb/.m2/repository/ch/qos/logback/logback-core/1.4.14/logback-core-1.4.14.jar:/Users/caferrerb/.m2/repository/org/junit/jupiter/junit-jupiter-engine/5.10.1/junit-jupiter-engine-5.10.1.jar:/Users/caferrerb/.m2/repository/org/junit/platform/junit-platform-engine/1.10.1/junit-platform-engine-1.10.1.jar:/Users/caferrerb/.m2/repository/org/apiguardian/apiguardian-api/1.1.2/apiguardian-api-1.1.2.jar:/Users/caferrerb/.m2/repository/org/junit/jupiter/junit-jupiter-api/5.10.1/junit-jupiter-api-5.10.1.jar:/Users/caferrerb/.m2/repository/org/opentest4j/opentest4j/1.3.0/opentest4j-1.3.0.jar:/Users/caferrerb/.m2/repository/org/junit/platform/junit-platform-commons/1.10.1/junit-platform-commons-1.10.1.jar:/Users/caferrerb/.m2/repository/org/junit/jupiter/junit-jupiter-params/5.10.1/junit-jupiter-params-5.10.1.jar:/Users/caferrerb/.m2/repository/org/yaml/snakeyaml/2.2/snakeyaml-2.2.jar:"/>
    <property name="java.vm.vendor" value="Oracle Corporation"/>
    <property name="sun.arch.data.model" value="64"/>
    <property name="java.vendor.url" value="https://java.oracle.com/"/>
    <property name="os.name" value="Mac OS X"/>
    <property name="java.vm.specification.version" value="23"/>
    <property name="sun.java.launcher" value="SUN_STANDARD"/>
    <property name="user.country" value="CO"/>
    <property name="sun.boot.library.path" value="/Library/Java/JavaVirtualMachines/jdk-23.jdk/Contents/Home/lib"/>
    <property name="sun.java.command" value="/Users/caferrerb/IdeaProjects/flowscript/target/surefire/surefirebooter-20250907100551955_3.jar /Users/caferrerb/IdeaProjects/flowscript/target/surefire 2025-09-07T10-05-51_883-jvmRun1 surefire-20250907100551955_1tmp surefire_0-20250907100551955_2tmp"/>
    <property name="http.nonProxyHosts" value="local|*.local|169.254/16|*.169.254/16"/>
    <property name="jdk.debug" value="release"/>
    <property name="surefire.test.class.path" value="/Users/caferrerb/IdeaProjects/flowscript/target/test-classes:/Users/caferrerb/IdeaProjects/flowscript/target/classes:/Users/caferrerb/.m2/repository/org/antlr/antlr4-runtime/4.13.1/antlr4-runtime-4.13.1.jar:/Users/caferrerb/.m2/repository/org/openjfx/javafx-controls/21.0.1/javafx-controls-21.0.1.jar:/Users/caferrerb/.m2/repository/org/openjfx/javafx-controls/21.0.1/javafx-controls-21.0.1-mac-aarch64.jar:/Users/caferrerb/.m2/repository/org/openjfx/javafx-graphics/21.0.1/javafx-graphics-21.0.1.jar:/Users/caferrerb/.m2/repository/org/openjfx/javafx-graphics/21.0.1/javafx-graphics-21.0.1-mac-aarch64.jar:/Users/caferrerb/.m2/repository/org/openjfx/javafx-base/21.0.1/javafx-base-21.0.1.jar:/Users/caferrerb/.m2/repository/org/openjfx/javafx-base/21.0.1/javafx-base-21.0.1-mac-aarch64.jar:/Users/caferrerb/.m2/repository/org/openjfx/javafx-fxml/21.0.1/javafx-fxml-21.0.1.jar:/Users/caferrerb/.m2/repository/org/openjfx/javafx-fxml/21.0.1/javafx-fxml-21.0.1-mac-aarch64.jar:/Users/caferrerb/.m2/repository/org/fxmisc/richtext/richtextfx/0.11.2/richtextfx-0.11.2.jar:/Users/caferrerb/.m2/repository/org/reactfx/reactfx/2.0-M5/reactfx-2.0-M5.jar:/Users/caferrerb/.m2/repository/org/fxmisc/undo/undofx/2.1.1/undofx-2.1.1.jar:/Users/caferrerb/.m2/repository/org/fxmisc/flowless/flowless/0.7.2/flowless-0.7.2.jar:/Users/caferrerb/.m2/repository/org/fxmisc/wellbehaved/wellbehavedfx/0.3.3/wellbehavedfx-0.3.3.jar:/Users/caferrerb/.m2/repository/org/controlsfx/controlsfx/11.2.0/controlsfx-11.2.0.jar:/Users/caferrerb/.m2/repository/com/fasterxml/jackson/core/jackson-databind/2.16.0/jackson-databind-2.16.0.jar:/Users/caferrerb/.m2/repository/com/fasterxml/jackson/core/jackson-annotations/2.16.0/jackson-annotations-2.16.0.jar:/Users/caferrerb/.m2/repository/com/fasterxml/jackson/core/jackson-core/2.16.0/jackson-core-2.16.0.jar:/Users/caferrerb/.m2/repository/org/slf4j/slf4j-api/2.0.9/slf4j-api-2.0.9.jar:/Users/caferrerb/.m2/repository/ch/qos/logback/logback-classic/1.4.14/logback-classic-1.4.14.jar:/Users/caferrerb/.m2/repository/ch/qos/logback/logback-core/1.4.14/logback-core-1.4.14.jar:/Users/caferrerb/.m2/repository/org/junit/jupiter/junit-jupiter-engine/5.10.1/junit-jupiter-engine-5.10.1.jar:/Users/caferrerb/.m2/repository/org/junit/platform/junit-platform-engine/1.10.1/junit-platform-engine-1.10.1.jar:/Users/caferrerb/.m2/repository/org/apiguardian/apiguardian-api/1.1.2/apiguardian-api-1.1.2.jar:/Users/caferrerb/.m2/repository/org/junit/jupiter/junit-jupiter-api/5.10.1/junit-jupiter-api-5.10.1.jar:/Users/caferrerb/.m2/repository/org/opentest4j/opentest4j/1.3.0/opentest4j-1.3.0.jar:/Users/caferrerb/.m2/repository/org/junit/platform/junit-platform-commons/1.10.1/junit-platform-commons-1.10.1.jar:/Users/caferrerb/.m2/repository/org/junit/jupiter/junit-jupiter-params/5.10.1/junit-jupiter-params-5.10.1.jar:/Users/caferrerb/.m2/repository/org/yaml/snakeyaml/2.2/snakeyaml-2.2.jar:"/>
    <property name="sun.cpu.endian" value="little"/>
    <property name="user.home" value="/Users/caferrerb"/>
    <property name="user.language" value="es"/>
    <property name="java.specification.vendor" value="Oracle Corporation"/>
    <property name="java.version.date" value="2025-01-21"/>
    <property name="java.home" value="/Library/Java/JavaVirtualMachines/jdk-23.jdk/Contents/Home"/>
    <property name="file.separator" value="/"/>
    <property name="basedir" value="/Users/caferrerb/IdeaProjects/flowscript"/>
    <property name="java.vm.compressedOopsMode" value="Zero based"/>
    <property name="line.separator" value="&#10;"/>
    <property name="java.vm.specification.vendor" value="Oracle Corporation"/>
    <property name="java.specification.name" value="Java Platform API Specification"/>
    <property name="apple.awt.application.name" value="ForkedBooter"/>
    <property name="surefire.real.class.path" value="/Users/caferrerb/IdeaProjects/flowscript/target/surefire/surefirebooter-20250907100551955_3.jar"/>
    <property name="sun.management.compiler" value="HotSpot 64-Bit Tiered Compilers"/>
    <property name="ftp.nonProxyHosts" value="local|*.local|169.254/16|*.169.254/16"/>
    <property name="java.runtime.version" value="23.0.2+7-58"/>
    <property name="user.name" value="caferrerb"/>
    <property name="stdout.encoding" value="UTF-8"/>
    <property name="path.separator" value=":"/>
    <property name="os.version" value="15.6"/>
    <property name="java.runtime.name" value="Java(TM) SE Runtime Environment"/>
    <property name="file.encoding" value="UTF-8"/>
    <property name="java.vm.name" value="Java HotSpot(TM) 64-Bit Server VM"/>
    <property name="localRepository" value="/Users/caferrerb/.m2/repository"/>
    <property name="java.vendor.url.bug" value="https://bugreport.java.com/bugreport/"/>
    <property name="java.io.tmpdir" value="/var/folders/gw/9_2n7wkj6395pbjchzb2mj580000gn/T/"/>
    <property name="idea.version" value="2025.1"/>
    <property name="java.version" value="23.0.2"/>
    <property name="user.dir" value="/Users/caferrerb/IdeaProjects/flowscript"/>
    <property name="os.arch" value="aarch64"/>
    <property name="java.vm.specification.name" value="Java Virtual Machine Specification"/>
    <property name="native.encoding" value="UTF-8"/>
    <property name="java.library.path" value="/Users/caferrerb/Library/Java/Extensions:/Library/Java/Extensions:/Network/Library/Java/Extensions:/System/Library/Java/Extensions:/usr/lib/java:."/>
    <property name="java.vm.info" value="mixed mode, sharing"/>
    <property name="stderr.encoding" value="UTF-8"/>
    <property name="java.vendor" value="Oracle Corporation"/>
    <property name="java.vm.version" value="23.0.2+7-58"/>
    <property name="sun.io.unicode.encoding" value="UnicodeBig"/>
    <property name="socksNonProxyHosts" value="local|*.local|169.254/16|*.169.254/16"/>
    <property name="java.class.version" value="67.0"/>
  </properties>
  <testcase name="testFlowScriptFunctions" classname="edu.eam.ingesoft.tlf.tester.FlowScriptFunctionsTest" time="0.092">
    <system-out><![CDATA[
================================================================================
INICIANDO PRUEBAS DE GRAMÁTICA: FlowScript Functions
================================================================================
Probando sistema completo de funciones FlowScript
Incluye: declaraciones, parámetros, tipos, control de flujo, recursión

Cargados 49 casos de prueba desde flowscript-functions.yaml
  • Casos válidos esperados: 32
  • Casos inválidos esperados: 17

]]></system-out>
  </testcase>
  <testcase name="testFlowScriptFunctions" classname="edu.eam.ingesoft.tlf.tester.FlowScriptFunctionsTest" time="0.001"/>
  <testcase name="testFlowScriptFunctions" classname="edu.eam.ingesoft.tlf.tester.FlowScriptFunctionsTest" time="0.003"/>
  <testcase name="testFlowScriptFunctions" classname="edu.eam.ingesoft.tlf.tester.FlowScriptFunctionsTest" time="0.002"/>
  <testcase name="testFlowScriptFunctions" classname="edu.eam.ingesoft.tlf.tester.FlowScriptFunctionsTest" time="0.003"/>
  <testcase name="testFlowScriptFunctions" classname="edu.eam.ingesoft.tlf.tester.FlowScriptFunctionsTest" time="0.005"/>
  <testcase name="testFlowScriptFunctions" classname="edu.eam.ingesoft.tlf.tester.FlowScriptFunctionsTest" time="0.002"/>
  <testcase name="testFlowScriptFunctions" classname="edu.eam.ingesoft.tlf.tester.FlowScriptFunctionsTest" time="0.003"/>
  <testcase name="testFlowScriptFunctions" classname="edu.eam.ingesoft.tlf.tester.FlowScriptFunctionsTest" time="0.001"/>
  <testcase name="testFlowScriptFunctions" classname="edu.eam.ingesoft.tlf.tester.FlowScriptFunctionsTest" time="0.002"/>
  <testcase name="testFlowScriptFunctions" classname="edu.eam.ingesoft.tlf.tester.FlowScriptFunctionsTest" time="0.003"/>
  <testcase name="testFlowScriptFunctions" classname="edu.eam.ingesoft.tlf.tester.FlowScriptFunctionsTest" time="0.001"/>
  <testcase name="testFlowScriptFunctions" classname="edu.eam.ingesoft.tlf.tester.FlowScriptFunctionsTest" time="0.003"/>
  <testcase name="testFlowScriptFunctions" classname="edu.eam.ingesoft.tlf.tester.FlowScriptFunctionsTest" time="0.002"/>
  <testcase name="testFlowScriptFunctions" classname="edu.eam.ingesoft.tlf.tester.FlowScriptFunctionsTest" time="0.001"/>
  <testcase name="testFlowScriptFunctions" classname="edu.eam.ingesoft.tlf.tester.FlowScriptFunctionsTest" time="0.004"/>
  <testcase name="testFlowScriptFunctions" classname="edu.eam.ingesoft.tlf.tester.FlowScriptFunctionsTest" time="0.011"/>
  <testcase name="testFlowScriptFunctions" classname="edu.eam.ingesoft.tlf.tester.FlowScriptFunctionsTest" time="0.002"/>
  <testcase name="testFlowScriptFunctions" classname="edu.eam.ingesoft.tlf.tester.FlowScriptFunctionsTest" time="0.001"/>
  <testcase name="testFlowScriptFunctions" classname="edu.eam.ingesoft.tlf.tester.FlowScriptFunctionsTest" time="0.002"/>
  <testcase name="testFlowScriptFunctions" classname="edu.eam.ingesoft.tlf.tester.FlowScriptFunctionsTest" time="0.008"/>
  <testcase name="testFlowScriptFunctions" classname="edu.eam.ingesoft.tlf.tester.FlowScriptFunctionsTest" time="0.003"/>
  <testcase name="testFlowScriptFunctions" classname="edu.eam.ingesoft.tlf.tester.FlowScriptFunctionsTest" time="0.002"/>
  <testcase name="testFlowScriptFunctions" classname="edu.eam.ingesoft.tlf.tester.FlowScriptFunctionsTest" time="0.002"/>
  <testcase name="testFlowScriptFunctions" classname="edu.eam.ingesoft.tlf.tester.FlowScriptFunctionsTest" time="0.002"/>
  <testcase name="testFlowScriptFunctions" classname="edu.eam.ingesoft.tlf.tester.FlowScriptFunctionsTest" time="0.002"/>
  <testcase name="testFlowScriptFunctions" classname="edu.eam.ingesoft.tlf.tester.FlowScriptFunctionsTest" time="0.007"/>
  <testcase name="testFlowScriptFunctions" classname="edu.eam.ingesoft.tlf.tester.FlowScriptFunctionsTest" time="0.001"/>
  <testcase name="testFlowScriptFunctions" classname="edu.eam.ingesoft.tlf.tester.FlowScriptFunctionsTest" time="0.0"/>
  <testcase name="testFlowScriptFunctions" classname="edu.eam.ingesoft.tlf.tester.FlowScriptFunctionsTest" time="0.001"/>
  <testcase name="testFlowScriptFunctions" classname="edu.eam.ingesoft.tlf.tester.FlowScriptFunctionsTest" time="0.0"/>
  <testcase name="testFlowScriptFunctions" classname="edu.eam.ingesoft.tlf.tester.FlowScriptFunctionsTest" time="0.001"/>
  <testcase name="testFlowScriptFunctions" classname="edu.eam.ingesoft.tlf.tester.FlowScriptFunctionsTest" time="0.0"/>
  <testcase name="testFlowScriptFunctions" classname="edu.eam.ingesoft.tlf.tester.FlowScriptFunctionsTest" time="0.001"/>
  <testcase name="testFlowScriptFunctions" classname="edu.eam.ingesoft.tlf.tester.FlowScriptFunctionsTest" time="0.001"/>
  <testcase name="testFlowScriptFunctions" classname="edu.eam.ingesoft.tlf.tester.FlowScriptFunctionsTest" time="0.0"/>
  <testcase name="testFlowScriptFunctions" classname="edu.eam.ingesoft.tlf.tester.FlowScriptFunctionsTest" time="0.001"/>
  <testcase name="testFlowScriptFunctions" classname="edu.eam.ingesoft.tlf.tester.FlowScriptFunctionsTest" time="0.0"/>
  <testcase name="testFlowScriptFunctions" classname="edu.eam.ingesoft.tlf.tester.FlowScriptFunctionsTest" time="0.001"/>
  <testcase name="testFlowScriptFunctions" classname="edu.eam.ingesoft.tlf.tester.FlowScriptFunctionsTest" time="0.0"/>
  <testcase name="testFlowScriptFunctions" classname="edu.eam.ingesoft.tlf.tester.FlowScriptFunctionsTest" time="0.001"/>
  <testcase name="testFlowScriptFunctions" classname="edu.eam.ingesoft.tlf.tester.FlowScriptFunctionsTest" time="0.001"/>
  <testcase name="testFlowScriptFunctions" classname="edu.eam.ingesoft.tlf.tester.FlowScriptFunctionsTest" time="0.001"/>
  <testcase name="testFlowScriptFunctions" classname="edu.eam.ingesoft.tlf.tester.FlowScriptFunctionsTest" time="0.001"/>
  <testcase name="testFlowScriptFunctions" classname="edu.eam.ingesoft.tlf.tester.FlowScriptFunctionsTest" time="0.0"/>
  <testcase name="testFlowScriptFunctions" classname="edu.eam.ingesoft.tlf.tester.FlowScriptFunctionsTest" time="0.001"/>
  <testcase name="testFlowScriptFunctions" classname="edu.eam.ingesoft.tlf.tester.FlowScriptFunctionsTest" time="0.001"/>
  <testcase name="testFlowScriptFunctions" classname="edu.eam.ingesoft.tlf.tester.FlowScriptFunctionsTest" time="0.0"/>
  <testcase name="testFlowScriptFunctions" classname="edu.eam.ingesoft.tlf.tester.FlowScriptFunctionsTest" time="0.001"/>
</testsuite>