<?xml version="1.0" encoding="UTF-8"?>
<testsuite xmlns:xsi="http://www.w3.org/2001/XMLSchema-instance" xsi:noNamespaceSchemaLocation="https://maven.apache.org/surefire/maven-surefire-plugin/xsd/surefire-test-report-3.0.xsd" version="3.0" name="edu.eam.ingesoft.tlf.tester.FlowScriptProcessesTest" time="0.303" tests="34" errors="0" skipped="0" failures="0">
  <properties>
    <property name="java.specification.version" value="24"/>
    <property name="sun.cpu.isalist" value="amd64"/>
    <property name="sun.jnu.encoding" value="Cp1252"/>
    <property name="java.class.path" value="C:\Users\DANIELA\Documents\GitHub\flowscript\target\test-classes;C:\Users\DANIELA\Documents\GitHub\flowscript\target\classes;C:\Users\DANIELA\.m2\repository\org\antlr\antlr4-runtime\4.13.1\antlr4-runtime-4.13.1.jar;C:\Users\DANIELA\.m2\repository\org\openjfx\javafx-controls\21.0.1\javafx-controls-21.0.1.jar;C:\Users\DANIELA\.m2\repository\org\openjfx\javafx-controls\21.0.1\javafx-controls-21.0.1-win.jar;C:\Users\DANIELA\.m2\repository\org\openjfx\javafx-graphics\21.0.1\javafx-graphics-21.0.1.jar;C:\Users\DANIELA\.m2\repository\org\openjfx\javafx-graphics\21.0.1\javafx-graphics-21.0.1-win.jar;C:\Users\DANIELA\.m2\repository\org\openjfx\javafx-base\21.0.1\javafx-base-21.0.1.jar;C:\Users\DANIELA\.m2\repository\org\openjfx\javafx-base\21.0.1\javafx-base-21.0.1-win.jar;C:\Users\DANIELA\.m2\repository\org\openjfx\javafx-fxml\21.0.1\javafx-fxml-21.0.1.jar;C:\Users\DANIELA\.m2\repository\org\openjfx\javafx-fxml\21.0.1\javafx-fxml-21.0.1-win.jar;C:\Users\DANIELA\.m2\repository\org\fxmisc\richtext\richtextfx\0.11.2\richtextfx-0.11.2.jar;C:\Users\DANIELA\.m2\repository\org\reactfx\reactfx\2.0-M5\reactfx-2.0-M5.jar;C:\Users\DANIELA\.m2\repository\org\fxmisc\undo\undofx\2.1.1\undofx-2.1.1.jar;C:\Users\DANIELA\.m2\repository\org\fxmisc\flowless\flowless\0.7.2\flowless-0.7.2.jar;C:\Users\DANIELA\.m2\repository\org\fxmisc\wellbehaved\wellbehavedfx\0.3.3\wellbehavedfx-0.3.3.jar;C:\Users\DANIELA\.m2\repository\org\controlsfx\controlsfx\11.2.0\controlsfx-11.2.0.jar;C:\Users\DANIELA\.m2\repository\com\fasterxml\jackson\core\jackson-databind\2.16.0\jackson-databind-2.16.0.jar;C:\Users\DANIELA\.m2\repository\com\fasterxml\jackson\core\jackson-annotations\2.16.0\jackson-annotations-2.16.0.jar;C:\Users\DANIELA\.m2\repository\com\fasterxml\jackson\core\jackson-core\2.16.0\jackson-core-2.16.0.jar;C:\Users\DANIELA\.m2\repository\org\slf4j\slf4j-api\2.0.9\slf4j-api-2.0.9.jar;C:\Users\DANIELA\.m2\repository\ch\qos\logback\logback-classic\1.4.14\logback-classic-1.4.14.jar;C:\Users\DANIELA\.m2\repository\ch\qos\logback\logback-core\1.4.14\logback-core-1.4.14.jar;C:\Users\DANIELA\.m2\repository\org\junit\jupiter\junit-jupiter-engine\5.10.1\junit-jupiter-engine-5.10.1.jar;C:\Users\DANIELA\.m2\repository\org\junit\platform\junit-platform-engine\1.10.1\junit-platform-engine-1.10.1.jar;C:\Users\DANIELA\.m2\repository\org\apiguardian\apiguardian-api\1.1.2\apiguardian-api-1.1.2.jar;C:\Users\DANIELA\.m2\repository\org\junit\jupiter\junit-jupiter-api\5.10.1\junit-jupiter-api-5.10.1.jar;C:\Users\DANIELA\.m2\repository\org\opentest4j\opentest4j\1.3.0\opentest4j-1.3.0.jar;C:\Users\DANIELA\.m2\repository\org\junit\platform\junit-platform-commons\1.10.1\junit-platform-commons-1.10.1.jar;C:\Users\DANIELA\.m2\repository\org\junit\jupiter\junit-jupiter-params\5.10.1\junit-jupiter-params-5.10.1.jar;C:\Users\DANIELA\.m2\repository\org\yaml\snakeyaml\2.2\snakeyaml-2.2.jar;"/>
    <property name="java.vm.vendor" value="Oracle Corporation"/>
    <property name="sun.arch.data.model" value="64"/>
    <property name="user.variant" value=""/>
    <property name="java.vendor.url" value="https://java.oracle.com/"/>
    <property name="user.timezone" value="America/Guayaquil"/>
    <property name="os.name" value="Windows 11"/>
    <property name="java.vm.specification.version" value="24"/>
    <property name="sun.java.launcher" value="SUN_STANDARD"/>
    <property name="user.country" value="CO"/>
    <property name="sun.boot.library.path" value="C:\Users\DANIELA\Downloads\openjdk-24_windows-x64_bin\jdk-24\bin"/>
    <property name="sun.java.command" value="C:\Users\DANIELA\AppData\Local\Temp\surefire17654055548221978101\surefirebooter-20250914185800210_3.jar C:\Users\DANIELA\AppData\Local\Temp\surefire17654055548221978101 2025-09-14T18-58-00_098-jvmRun1 surefire-20250914185800210_1tmp surefire_0-20250914185800210_2tmp"/>
    <property name="jdk.debug" value="release"/>
    <property name="test" value="*Processes*"/>
    <property name="surefire.test.class.path" value="C:\Users\DANIELA\Documents\GitHub\flowscript\target\test-classes;C:\Users\DANIELA\Documents\GitHub\flowscript\target\classes;C:\Users\DANIELA\.m2\repository\org\antlr\antlr4-runtime\4.13.1\antlr4-runtime-4.13.1.jar;C:\Users\DANIELA\.m2\repository\org\openjfx\javafx-controls\21.0.1\javafx-controls-21.0.1.jar;C:\Users\DANIELA\.m2\repository\org\openjfx\javafx-controls\21.0.1\javafx-controls-21.0.1-win.jar;C:\Users\DANIELA\.m2\repository\org\openjfx\javafx-graphics\21.0.1\javafx-graphics-21.0.1.jar;C:\Users\DANIELA\.m2\repository\org\openjfx\javafx-graphics\21.0.1\javafx-graphics-21.0.1-win.jar;C:\Users\DANIELA\.m2\repository\org\openjfx\javafx-base\21.0.1\javafx-base-21.0.1.jar;C:\Users\DANIELA\.m2\repository\org\openjfx\javafx-base\21.0.1\javafx-base-21.0.1-win.jar;C:\Users\DANIELA\.m2\repository\org\openjfx\javafx-fxml\21.0.1\javafx-fxml-21.0.1.jar;C:\Users\DANIELA\.m2\repository\org\openjfx\javafx-fxml\21.0.1\javafx-fxml-21.0.1-win.jar;C:\Users\DANIELA\.m2\repository\org\fxmisc\richtext\richtextfx\0.11.2\richtextfx-0.11.2.jar;C:\Users\DANIELA\.m2\repository\org\reactfx\reactfx\2.0-M5\reactfx-2.0-M5.jar;C:\Users\DANIELA\.m2\repository\org\fxmisc\undo\undofx\2.1.1\undofx-2.1.1.jar;C:\Users\DANIELA\.m2\repository\org\fxmisc\flowless\flowless\0.7.2\flowless-0.7.2.jar;C:\Users\DANIELA\.m2\repository\org\fxmisc\wellbehaved\wellbehavedfx\0.3.3\wellbehavedfx-0.3.3.jar;C:\Users\DANIELA\.m2\repository\org\controlsfx\controlsfx\11.2.0\controlsfx-11.2.0.jar;C:\Users\DANIELA\.m2\repository\com\fasterxml\jackson\core\jackson-databind\2.16.0\jackson-databind-2.16.0.jar;C:\Users\DANIELA\.m2\repository\com\fasterxml\jackson\core\jackson-annotations\2.16.0\jackson-annotations-2.16.0.jar;C:\Users\DANIELA\.m2\repository\com\fasterxml\jackson\core\jackson-core\2.16.0\jackson-core-2.16.0.jar;C:\Users\DANIELA\.m2\repository\org\slf4j\slf4j-api\2.0.9\slf4j-api-2.0.9.jar;C:\Users\DANIELA\.m2\repository\ch\qos\logback\logback-classic\1.4.14\logback-classic-1.4.14.jar;C:\Users\DANIELA\.m2\repository\ch\qos\logback\logback-core\1.4.14\logback-core-1.4.14.jar;C:\Users\DANIELA\.m2\repository\org\junit\jupiter\junit-jupiter-engine\5.10.1\junit-jupiter-engine-5.10.1.jar;C:\Users\DANIELA\.m2\repository\org\junit\platform\junit-platform-engine\1.10.1\junit-platform-engine-1.10.1.jar;C:\Users\DANIELA\.m2\repository\org\apiguardian\apiguardian-api\1.1.2\apiguardian-api-1.1.2.jar;C:\Users\DANIELA\.m2\repository\org\junit\jupiter\junit-jupiter-api\5.10.1\junit-jupiter-api-5.10.1.jar;C:\Users\DANIELA\.m2\repository\org\opentest4j\opentest4j\1.3.0\opentest4j-1.3.0.jar;C:\Users\DANIELA\.m2\repository\org\junit\platform\junit-platform-commons\1.10.1\junit-platform-commons-1.10.1.jar;C:\Users\DANIELA\.m2\repository\org\junit\jupiter\junit-jupiter-params\5.10.1\junit-jupiter-params-5.10.1.jar;C:\Users\DANIELA\.m2\repository\org\yaml\snakeyaml\2.2\snakeyaml-2.2.jar;"/>
    <property name="sun.cpu.endian" value="little"/>
    <property name="user.home" value="C:\Users\DANIELA"/>
    <property name="user.language" value="es"/>
    <property name="java.specification.vendor" value="Oracle Corporation"/>
    <property name="java.version.date" value="2025-03-18"/>
    <property name="java.home" value="C:\Users\DANIELA\Downloads\openjdk-24_windows-x64_bin\jdk-24"/>
    <property name="file.separator" value="\"/>
    <property name="basedir" value="C:\Users\DANIELA\Documents\GitHub\flowscript"/>
    <property name="java.vm.compressedOopsMode" value="Zero based"/>
    <property name="line.separator" value="&#10;"/>
    <property name="java.vm.specification.vendor" value="Oracle Corporation"/>
    <property name="java.specification.name" value="Java Platform API Specification"/>
    <property name="surefire.real.class.path" value="C:\Users\DANIELA\AppData\Local\Temp\surefire17654055548221978101\surefirebooter-20250914185800210_3.jar"/>
    <property name="user.script" value=""/>
    <property name="sun.management.compiler" value="HotSpot 64-Bit Tiered Compilers"/>
    <property name="java.runtime.version" value="24+36-3646"/>
    <property name="user.name" value="DANIELA"/>
    <property name="stdout.encoding" value="Cp1252"/>
    <property name="path.separator" value=";"/>
    <property name="os.version" value="10.0"/>
    <property name="java.runtime.name" value="OpenJDK Runtime Environment"/>
    <property name="file.encoding" value="UTF-8"/>
    <property name="java.vm.name" value="OpenJDK 64-Bit Server VM"/>
    <property name="localRepository" value="C:\Users\DANIELA\.m2\repository"/>
    <property name="java.vendor.url.bug" value="https://bugreport.java.com/bugreport/"/>
    <property name="java.io.tmpdir" value="C:\Users\DANIELA\AppData\Local\Temp\"/>
    <property name="java.version" value="24"/>
    <property name="user.dir" value="C:\Users\DANIELA\Documents\GitHub\flowscript"/>
    <property name="os.arch" value="amd64"/>
    <property name="java.vm.specification.name" value="Java Virtual Machine Specification"/>
    <property name="sun.os.patch.level" value=""/>
    <property name="native.encoding" value="Cp1252"/>
    <property name="java.library.path" value="C:\Users\DANIELA\Downloads\openjdk-24_windows-x64_bin\jdk-24\bin;C:\WINDOWS\Sun\Java\bin;C:\WINDOWS\system32;C:\WINDOWS;C:\Program Files (x86)\VMware\VMware Workstation\bin\;C:\WINDOWS\system32;C:\WINDOWS;C:\WINDOWS\System32\Wbem;C:\WINDOWS\System32\WindowsPowerShell\v1.0\;C:\WINDOWS\System32\OpenSSH\;C:\Program Files\NVIDIA Corporation\NVIDIA app\NvDLISR;C:\Program Files (x86)\NVIDIA Corporation\PhysX\Common;C:\Program Files\dotnet\;C:\Program Files\Git\cmd;C:\Program Files\nodejs;C:\Program Files\Microsoft SQL Server\150\Tools\Binn\;C:\Program Files\Microsoft SQL Server\Client SDK\ODBC\170\Tools\Binn\;C:\Users\DANIELA\AppData\Local\Programs\Python\Launcher\;C:\Users\DANIELA\AppData\Local\Microsoft\WindowsApps;C:\Users\DANIELA\AppData\Local\Programs\Microsoft VS Code\bin;C:\Users\DANIELA\AppData\Local\GitHubDesktop\bin;C:\Users\DANIELA\AppData\Roaming\npm;C:\Program Files\JetBrains\PyCharm 2024.3.3\bin;C:\Users\DANIELA\.dotnet\tools;C:\Users\DANIELA\Downloads\openjdk-24_windows-x64_bin\jdk-24\bin;C:\ProgramData\chocolatey\bin;C:\Program Files\Apache\Maven\apache-maven-3.9.9\bin;C:\Program Files (x86)\Microsoft SQL Server\160\Tools\Binn\;C:\Program Files\Microsoft SQL Server\160\Tools\Binn\;C:\Program Files\Microsoft SQL Server\160\DTS\Binn\;C:\Program Files\Docker\Docker\resources\bin;C:\Users\DANIELA\AppData\Local\Programs\Python\Python313;C:\Users\DANIELA\AppData\Local\Programs\Python\Python313\Scripts;C:\Program Files\JetBrains\IntelliJ IDEA 2025.1\bin;C:\Program Files\MongoDB\mongosh\bin;C:\Program Files\MongoDB\Server\8.0\bin;C:\Users\DANIELA\AppData\Local\Programs\Python\Python313\;C:\Users\DANIELA\AppData\Local\Programs\Python\Python313\Scripts\;C:\Users\DANIELA\AppData\Local\Programs\cursor\resources\app\bin;C:\Program Files\JetBrains\IntelliJ IDEA Community Edition 2025.2\bin;."/>
    <property name="java.vm.info" value="mixed mode, sharing"/>
    <property name="stderr.encoding" value="Cp1252"/>
    <property name="java.vendor" value="Oracle Corporation"/>
    <property name="java.vm.version" value="24+36-3646"/>
    <property name="sun.io.unicode.encoding" value="UnicodeLittle"/>
    <property name="java.class.version" value="68.0"/>
  </properties>
  <testcase name="testFlowScriptProcesses" classname="edu.eam.ingesoft.tlf.tester.FlowScriptProcessesTest" time="0.14">
    <system-out><![CDATA[
================================================================================
INICIANDO PRUEBAS DE GRAMÁTICA: FlowScript Processes
================================================================================
Probando sistema completo de procesos FlowScript
Incluye: imports, procesos, nodos, gateways, variables globales

Cargados 34 casos de prueba desde flowscript-processes.yaml
  • Casos válidos esperados: 18
  • Casos inválidos esperados: 16

]]></system-out>
  </testcase>
  <testcase name="testFlowScriptProcesses" classname="edu.eam.ingesoft.tlf.tester.FlowScriptProcessesTest" time="0.004"/>
  <testcase name="testFlowScriptProcesses" classname="edu.eam.ingesoft.tlf.tester.FlowScriptProcessesTest" time="0.001"/>
  <testcase name="testFlowScriptProcesses" classname="edu.eam.ingesoft.tlf.tester.FlowScriptProcessesTest" time="0.001"/>
  <testcase name="testFlowScriptProcesses" classname="edu.eam.ingesoft.tlf.tester.FlowScriptProcessesTest" time="0.001"/>
  <testcase name="testFlowScriptProcesses" classname="edu.eam.ingesoft.tlf.tester.FlowScriptProcessesTest" time="0.003"/>
  <testcase name="testFlowScriptProcesses" classname="edu.eam.ingesoft.tlf.tester.FlowScriptProcessesTest" time="0.004"/>
  <testcase name="testFlowScriptProcesses" classname="edu.eam.ingesoft.tlf.tester.FlowScriptProcessesTest" time="0.002"/>
  <testcase name="testFlowScriptProcesses" classname="edu.eam.ingesoft.tlf.tester.FlowScriptProcessesTest" time="0.002"/>
  <testcase name="testFlowScriptProcesses" classname="edu.eam.ingesoft.tlf.tester.FlowScriptProcessesTest" time="0.003"/>
  <testcase name="testFlowScriptProcesses" classname="edu.eam.ingesoft.tlf.tester.FlowScriptProcessesTest" time="0.003"/>
  <testcase name="testFlowScriptProcesses" classname="edu.eam.ingesoft.tlf.tester.FlowScriptProcessesTest" time="0.005"/>
  <testcase name="testFlowScriptProcesses" classname="edu.eam.ingesoft.tlf.tester.FlowScriptProcessesTest" time="0.003"/>
  <testcase name="testFlowScriptProcesses" classname="edu.eam.ingesoft.tlf.tester.FlowScriptProcessesTest" time="0.004"/>
  <testcase name="testFlowScriptProcesses" classname="edu.eam.ingesoft.tlf.tester.FlowScriptProcessesTest" time="0.003"/>
  <testcase name="testFlowScriptProcesses" classname="edu.eam.ingesoft.tlf.tester.FlowScriptProcessesTest" time="0.002"/>
  <testcase name="testFlowScriptProcesses" classname="edu.eam.ingesoft.tlf.tester.FlowScriptProcessesTest" time="0.001"/>
  <testcase name="testFlowScriptProcesses" classname="edu.eam.ingesoft.tlf.tester.FlowScriptProcessesTest" time="0.001"/>
  <testcase name="testFlowScriptProcesses" classname="edu.eam.ingesoft.tlf.tester.FlowScriptProcessesTest" time="0.001"/>
  <testcase name="testFlowScriptProcesses" classname="edu.eam.ingesoft.tlf.tester.FlowScriptProcessesTest" time="0.001"/>
  <testcase name="testFlowScriptProcesses" classname="edu.eam.ingesoft.tlf.tester.FlowScriptProcessesTest" time="0.001"/>
  <testcase name="testFlowScriptProcesses" classname="edu.eam.ingesoft.tlf.tester.FlowScriptProcessesTest" time="0.001"/>
  <testcase name="testFlowScriptProcesses" classname="edu.eam.ingesoft.tlf.tester.FlowScriptProcessesTest" time="0.001"/>
  <testcase name="testFlowScriptProcesses" classname="edu.eam.ingesoft.tlf.tester.FlowScriptProcessesTest" time="0.0"/>
  <testcase name="testFlowScriptProcesses" classname="edu.eam.ingesoft.tlf.tester.FlowScriptProcessesTest" time="0.001"/>
  <testcase name="testFlowScriptProcesses" classname="edu.eam.ingesoft.tlf.tester.FlowScriptProcessesTest" time="0.001"/>
  <testcase name="testFlowScriptProcesses" classname="edu.eam.ingesoft.tlf.tester.FlowScriptProcessesTest" time="0.001"/>
  <testcase name="testFlowScriptProcesses" classname="edu.eam.ingesoft.tlf.tester.FlowScriptProcessesTest" time="0.0"/>
  <testcase name="testFlowScriptProcesses" classname="edu.eam.ingesoft.tlf.tester.FlowScriptProcessesTest" time="0.001"/>
  <testcase name="testFlowScriptProcesses" classname="edu.eam.ingesoft.tlf.tester.FlowScriptProcessesTest" time="0.0"/>
  <testcase name="testFlowScriptProcesses" classname="edu.eam.ingesoft.tlf.tester.FlowScriptProcessesTest" time="0.0"/>
  <testcase name="testFlowScriptProcesses" classname="edu.eam.ingesoft.tlf.tester.FlowScriptProcessesTest" time="0.001"/>
  <testcase name="testFlowScriptProcesses" classname="edu.eam.ingesoft.tlf.tester.FlowScriptProcessesTest" time="0.0"/>
  <testcase name="testFlowScriptProcesses" classname="edu.eam.ingesoft.tlf.tester.FlowScriptProcessesTest" time="0.001"/>
</testsuite>