<?xml version="1.0" encoding="UTF-8"?>
<testsuite xmlns:xsi="http://www.w3.org/2001/XMLSchema-instance" xsi:noNamespaceSchemaLocation="https://maven.apache.org/surefire/maven-surefire-plugin/xsd/surefire-test-report-3.0.xsd" version="3.0" name="edu.eam.ingesoft.tlf.tester.FlowScriptProcessesTest" time="0.393" tests="34" errors="0" skipped="0" failures="0">
  <properties>
    <property name="java.specification.version" value="24"/>
    <property name="sun.jnu.encoding" value="UTF-8"/>
    <property name="java.class.path" value="/home/blandev/University/08-semestre/lenguajes-formales/flowscript/target/test-classes:/home/blandev/University/08-semestre/lenguajes-formales/flowscript/target/classes:/home/blandev/.m2/repository/org/antlr/antlr4-runtime/4.13.1/antlr4-runtime-4.13.1.jar:/home/blandev/.m2/repository/org/openjfx/javafx-controls/21.0.1/javafx-controls-21.0.1.jar:/home/blandev/.m2/repository/org/openjfx/javafx-controls/21.0.1/javafx-controls-21.0.1-linux.jar:/home/blandev/.m2/repository/org/openjfx/javafx-graphics/21.0.1/javafx-graphics-21.0.1.jar:/home/blandev/.m2/repository/org/openjfx/javafx-graphics/21.0.1/javafx-graphics-21.0.1-linux.jar:/home/blandev/.m2/repository/org/openjfx/javafx-base/21.0.1/javafx-base-21.0.1.jar:/home/blandev/.m2/repository/org/openjfx/javafx-base/21.0.1/javafx-base-21.0.1-linux.jar:/home/blandev/.m2/repository/org/openjfx/javafx-fxml/21.0.1/javafx-fxml-21.0.1.jar:/home/blandev/.m2/repository/org/openjfx/javafx-fxml/21.0.1/javafx-fxml-21.0.1-linux.jar:/home/blandev/.m2/repository/org/fxmisc/richtext/richtextfx/0.11.2/richtextfx-0.11.2.jar:/home/blandev/.m2/repository/org/reactfx/reactfx/2.0-M5/reactfx-2.0-M5.jar:/home/blandev/.m2/repository/org/fxmisc/undo/undofx/2.1.1/undofx-2.1.1.jar:/home/blandev/.m2/repository/org/fxmisc/flowless/flowless/0.7.2/flowless-0.7.2.jar:/home/blandev/.m2/repository/org/fxmisc/wellbehaved/wellbehavedfx/0.3.3/wellbehavedfx-0.3.3.jar:/home/blandev/.m2/repository/org/controlsfx/controlsfx/11.2.0/controlsfx-11.2.0.jar:/home/blandev/.m2/repository/com/fasterxml/jackson/core/jackson-databind/2.16.0/jackson-databind-2.16.0.jar:/home/blandev/.m2/repository/com/fasterxml/jackson/core/jackson-annotations/2.16.0/jackson-annotations-2.16.0.jar:/home/blandev/.m2/repository/com/fasterxml/jackson/core/jackson-core/2.16.0/jackson-core-2.16.0.jar:/home/blandev/.m2/repository/org/slf4j/slf4j-api/2.0.9/slf4j-api-2.0.9.jar:/home/blandev/.m2/repository/ch/qos/logback/logback-classic/1.4.14/logback-classic-1.4.14.jar:/home/blandev/.m2/repository/ch/qos/logback/logback-core/1.4.14/logback-core-1.4.14.jar:/home/blandev/.m2/repository/org/junit/jupiter/junit-jupiter-engine/5.10.1/junit-jupiter-engine-5.10.1.jar:/home/blandev/.m2/repository/org/junit/platform/junit-platform-engine/1.10.1/junit-platform-engine-1.10.1.jar:/home/blandev/.m2/repository/org/apiguardian/apiguardian-api/1.1.2/apiguardian-api-1.1.2.jar:/home/blandev/.m2/repository/org/junit/jupiter/junit-jupiter-api/5.10.1/junit-jupiter-api-5.10.1.jar:/home/blandev/.m2/repository/org/opentest4j/opentest4j/1.3.0/opentest4j-1.3.0.jar:/home/blandev/.m2/repository/org/junit/platform/junit-platform-commons/1.10.1/junit-platform-commons-1.10.1.jar:/home/blandev/.m2/repository/org/junit/jupiter/junit-jupiter-params/5.10.1/junit-jupiter-params-5.10.1.jar:/home/blandev/.m2/repository/org/yaml/snakeyaml/2.2/snakeyaml-2.2.jar:"/>
    <property name="java.vm.vendor" value="Homebrew"/>
    <property name="sun.arch.data.model" value="64"/>
    <property name="java.vendor.url" value="https://github.com/Homebrew/homebrew-core/issues"/>
    <property name="os.name" value="Linux"/>
    <property name="java.vm.specification.version" value="24"/>
    <property name="sun.java.launcher" value="SUN_STANDARD"/>
    <property name="user.country" value="US"/>
    <property name="sun.boot.library.path" value="/home/linuxbrew/.linuxbrew/Cellar/openjdk/24.0.2/libexec/lib"/>
    <property name="sun.java.command" value="/home/blandev/University/08-semestre/lenguajes-formales/flowscript/target/surefire/surefirebooter-20250913230325843_3.jar /home/blandev/University/08-semestre/lenguajes-formales/flowscript/target/surefire 2025-09-13T23-03-25_720-jvmRun1 surefire-20250913230325843_1tmp surefire_0-20250913230325843_2tmp"/>
    <property name="jdk.debug" value="release"/>
    <property name="test" value="*Processes*"/>
    <property name="surefire.test.class.path" value="/home/blandev/University/08-semestre/lenguajes-formales/flowscript/target/test-classes:/home/blandev/University/08-semestre/lenguajes-formales/flowscript/target/classes:/home/blandev/.m2/repository/org/antlr/antlr4-runtime/4.13.1/antlr4-runtime-4.13.1.jar:/home/blandev/.m2/repository/org/openjfx/javafx-controls/21.0.1/javafx-controls-21.0.1.jar:/home/blandev/.m2/repository/org/openjfx/javafx-controls/21.0.1/javafx-controls-21.0.1-linux.jar:/home/blandev/.m2/repository/org/openjfx/javafx-graphics/21.0.1/javafx-graphics-21.0.1.jar:/home/blandev/.m2/repository/org/openjfx/javafx-graphics/21.0.1/javafx-graphics-21.0.1-linux.jar:/home/blandev/.m2/repository/org/openjfx/javafx-base/21.0.1/javafx-base-21.0.1.jar:/home/blandev/.m2/repository/org/openjfx/javafx-base/21.0.1/javafx-base-21.0.1-linux.jar:/home/blandev/.m2/repository/org/openjfx/javafx-fxml/21.0.1/javafx-fxml-21.0.1.jar:/home/blandev/.m2/repository/org/openjfx/javafx-fxml/21.0.1/javafx-fxml-21.0.1-linux.jar:/home/blandev/.m2/repository/org/fxmisc/richtext/richtextfx/0.11.2/richtextfx-0.11.2.jar:/home/blandev/.m2/repository/org/reactfx/reactfx/2.0-M5/reactfx-2.0-M5.jar:/home/blandev/.m2/repository/org/fxmisc/undo/undofx/2.1.1/undofx-2.1.1.jar:/home/blandev/.m2/repository/org/fxmisc/flowless/flowless/0.7.2/flowless-0.7.2.jar:/home/blandev/.m2/repository/org/fxmisc/wellbehaved/wellbehavedfx/0.3.3/wellbehavedfx-0.3.3.jar:/home/blandev/.m2/repository/org/controlsfx/controlsfx/11.2.0/controlsfx-11.2.0.jar:/home/blandev/.m2/repository/com/fasterxml/jackson/core/jackson-databind/2.16.0/jackson-databind-2.16.0.jar:/home/blandev/.m2/repository/com/fasterxml/jackson/core/jackson-annotations/2.16.0/jackson-annotations-2.16.0.jar:/home/blandev/.m2/repository/com/fasterxml/jackson/core/jackson-core/2.16.0/jackson-core-2.16.0.jar:/home/blandev/.m2/repository/org/slf4j/slf4j-api/2.0.9/slf4j-api-2.0.9.jar:/home/blandev/.m2/repository/ch/qos/logback/logback-classic/1.4.14/logback-classic-1.4.14.jar:/home/blandev/.m2/repository/ch/qos/logback/logback-core/1.4.14/logback-core-1.4.14.jar:/home/blandev/.m2/repository/org/junit/jupiter/junit-jupiter-engine/5.10.1/junit-jupiter-engine-5.10.1.jar:/home/blandev/.m2/repository/org/junit/platform/junit-platform-engine/1.10.1/junit-platform-engine-1.10.1.jar:/home/blandev/.m2/repository/org/apiguardian/apiguardian-api/1.1.2/apiguardian-api-1.1.2.jar:/home/blandev/.m2/repository/org/junit/jupiter/junit-jupiter-api/5.10.1/junit-jupiter-api-5.10.1.jar:/home/blandev/.m2/repository/org/opentest4j/opentest4j/1.3.0/opentest4j-1.3.0.jar:/home/blandev/.m2/repository/org/junit/platform/junit-platform-commons/1.10.1/junit-platform-commons-1.10.1.jar:/home/blandev/.m2/repository/org/junit/jupiter/junit-jupiter-params/5.10.1/junit-jupiter-params-5.10.1.jar:/home/blandev/.m2/repository/org/yaml/snakeyaml/2.2/snakeyaml-2.2.jar:"/>
    <property name="sun.cpu.endian" value="little"/>
    <property name="user.home" value="/home/blandev"/>
    <property name="user.language" value="en"/>
    <property name="java.specification.vendor" value="Oracle Corporation"/>
    <property name="java.version.date" value="2025-07-15"/>
    <property name="java.home" value="/home/linuxbrew/.linuxbrew/Cellar/openjdk/24.0.2/libexec"/>
    <property name="file.separator" value="/"/>
    <property name="basedir" value="/home/blandev/University/08-semestre/lenguajes-formales/flowscript"/>
    <property name="java.vm.compressedOopsMode" value="Zero based"/>
    <property name="line.separator" value="&#10;"/>
    <property name="java.specification.name" value="Java Platform API Specification"/>
    <property name="java.vm.specification.vendor" value="Oracle Corporation"/>
    <property name="surefire.real.class.path" value="/home/blandev/University/08-semestre/lenguajes-formales/flowscript/target/surefire/surefirebooter-20250913230325843_3.jar"/>
    <property name="sun.management.compiler" value="HotSpot 64-Bit Tiered Compilers"/>
    <property name="java.runtime.version" value="24.0.2"/>
    <property name="user.name" value="blandev"/>
    <property name="stdout.encoding" value="UTF-8"/>
    <property name="path.separator" value=":"/>
    <property name="os.version" value="6.16.6-100.fc41.x86_64"/>
    <property name="java.runtime.name" value="OpenJDK Runtime Environment"/>
    <property name="file.encoding" value="UTF-8"/>
    <property name="java.vm.name" value="OpenJDK 64-Bit Server VM"/>
    <property name="java.vendor.version" value="Homebrew"/>
    <property name="localRepository" value="/home/blandev/.m2/repository"/>
    <property name="java.vendor.url.bug" value="https://github.com/Homebrew/homebrew-core/issues"/>
    <property name="java.io.tmpdir" value="/tmp"/>
    <property name="java.version" value="24.0.2"/>
    <property name="user.dir" value="/home/blandev/University/08-semestre/lenguajes-formales/flowscript"/>
    <property name="os.arch" value="amd64"/>
    <property name="java.vm.specification.name" value="Java Virtual Machine Specification"/>
    <property name="native.encoding" value="UTF-8"/>
    <property name="java.library.path" value="/usr/java/packages/lib:/usr/lib64:/lib64:/lib:/usr/lib"/>
    <property name="java.vm.info" value="mixed mode, sharing"/>
    <property name="stderr.encoding" value="UTF-8"/>
    <property name="java.vendor" value="Homebrew"/>
    <property name="java.vm.version" value="24.0.2"/>
    <property name="sun.io.unicode.encoding" value="UnicodeLittle"/>
    <property name="java.class.version" value="68.0"/>
  </properties>
  <testcase name="testFlowScriptProcesses" classname="edu.eam.ingesoft.tlf.tester.FlowScriptProcessesTest" time="0.089">
    <system-out><![CDATA[
================================================================================
INICIANDO PRUEBAS DE GRAMÁTICA: FlowScript Processes
================================================================================
Probando sistema completo de procesos FlowScript
Incluye: imports, procesos, nodos, gateways, variables globales

Cargados 34 casos de prueba desde flowscript-processes.yaml
  • Casos válidos esperados: 18
  • Casos inválidos esperados: 16

]]></system-out>
  </testcase>
  <testcase name="testFlowScriptProcesses" classname="edu.eam.ingesoft.tlf.tester.FlowScriptProcessesTest" time="0.008"/>
  <testcase name="testFlowScriptProcesses" classname="edu.eam.ingesoft.tlf.tester.FlowScriptProcessesTest" time="0.002"/>
  <testcase name="testFlowScriptProcesses" classname="edu.eam.ingesoft.tlf.tester.FlowScriptProcessesTest" time="0.001"/>
  <testcase name="testFlowScriptProcesses" classname="edu.eam.ingesoft.tlf.tester.FlowScriptProcessesTest" time="0.002"/>
  <testcase name="testFlowScriptProcesses" classname="edu.eam.ingesoft.tlf.tester.FlowScriptProcessesTest" time="0.005"/>
  <testcase name="testFlowScriptProcesses" classname="edu.eam.ingesoft.tlf.tester.FlowScriptProcessesTest" time="0.009"/>
  <testcase name="testFlowScriptProcesses" classname="edu.eam.ingesoft.tlf.tester.FlowScriptProcessesTest" time="0.004"/>
  <testcase name="testFlowScriptProcesses" classname="edu.eam.ingesoft.tlf.tester.FlowScriptProcessesTest" time="0.009"/>
  <testcase name="testFlowScriptProcesses" classname="edu.eam.ingesoft.tlf.tester.FlowScriptProcessesTest" time="0.008"/>
  <testcase name="testFlowScriptProcesses" classname="edu.eam.ingesoft.tlf.tester.FlowScriptProcessesTest" time="0.002"/>
  <testcase name="testFlowScriptProcesses" classname="edu.eam.ingesoft.tlf.tester.FlowScriptProcessesTest" time="0.011"/>
  <testcase name="testFlowScriptProcesses" classname="edu.eam.ingesoft.tlf.tester.FlowScriptProcessesTest" time="0.01"/>
  <testcase name="testFlowScriptProcesses" classname="edu.eam.ingesoft.tlf.tester.FlowScriptProcessesTest" time="0.003"/>
  <testcase name="testFlowScriptProcesses" classname="edu.eam.ingesoft.tlf.tester.FlowScriptProcessesTest" time="0.003"/>
  <testcase name="testFlowScriptProcesses" classname="edu.eam.ingesoft.tlf.tester.FlowScriptProcessesTest" time="0.011"/>
  <testcase name="testFlowScriptProcesses" classname="edu.eam.ingesoft.tlf.tester.FlowScriptProcessesTest" time="0.003"/>
  <testcase name="testFlowScriptProcesses" classname="edu.eam.ingesoft.tlf.tester.FlowScriptProcessesTest" time="0.002"/>
  <testcase name="testFlowScriptProcesses" classname="edu.eam.ingesoft.tlf.tester.FlowScriptProcessesTest" time="0.002"/>
  <testcase name="testFlowScriptProcesses" classname="edu.eam.ingesoft.tlf.tester.FlowScriptProcessesTest" time="0.001"/>
  <testcase name="testFlowScriptProcesses" classname="edu.eam.ingesoft.tlf.tester.FlowScriptProcessesTest" time="0.002"/>
  <testcase name="testFlowScriptProcesses" classname="edu.eam.ingesoft.tlf.tester.FlowScriptProcessesTest" time="0.003"/>
  <testcase name="testFlowScriptProcesses" classname="edu.eam.ingesoft.tlf.tester.FlowScriptProcessesTest" time="0.001"/>
  <testcase name="testFlowScriptProcesses" classname="edu.eam.ingesoft.tlf.tester.FlowScriptProcessesTest" time="0.001"/>
  <testcase name="testFlowScriptProcesses" classname="edu.eam.ingesoft.tlf.tester.FlowScriptProcessesTest" time="0.001"/>
  <testcase name="testFlowScriptProcesses" classname="edu.eam.ingesoft.tlf.tester.FlowScriptProcessesTest" time="0.002"/>
  <testcase name="testFlowScriptProcesses" classname="edu.eam.ingesoft.tlf.tester.FlowScriptProcessesTest" time="0.001"/>
  <testcase name="testFlowScriptProcesses" classname="edu.eam.ingesoft.tlf.tester.FlowScriptProcessesTest" time="0.002"/>
  <testcase name="testFlowScriptProcesses" classname="edu.eam.ingesoft.tlf.tester.FlowScriptProcessesTest" time="0.002"/>
  <testcase name="testFlowScriptProcesses" classname="edu.eam.ingesoft.tlf.tester.FlowScriptProcessesTest" time="0.002"/>
  <testcase name="testFlowScriptProcesses" classname="edu.eam.ingesoft.tlf.tester.FlowScriptProcessesTest" time="0.001"/>
  <testcase name="testFlowScriptProcesses" classname="edu.eam.ingesoft.tlf.tester.FlowScriptProcessesTest" time="0.002"/>
  <testcase name="testFlowScriptProcesses" classname="edu.eam.ingesoft.tlf.tester.FlowScriptProcessesTest" time="0.002"/>
  <testcase name="testFlowScriptProcesses" classname="edu.eam.ingesoft.tlf.tester.FlowScriptProcessesTest" time="0.001"/>
</testsuite>