<?xml version="1.0" encoding="UTF-8"?>
<testsuite xmlns:xsi="http://www.w3.org/2001/XMLSchema-instance" xsi:noNamespaceSchemaLocation="https://maven.apache.org/surefire/maven-surefire-plugin/xsd/surefire-test-report-3.0.xsd" version="3.0" name="edu.eam.ingesoft.tlf.tester.FlowScriptFunctionsTest" time="0.57" tests="49" errors="0" skipped="0" failures="0">
  <properties>
    <property name="java.specification.version" value="17"/>
    <property name="sun.cpu.isalist" value="amd64"/>
    <property name="sun.jnu.encoding" value="Cp1252"/>
    <property name="java.class.path" value="C:\Users\jessi\OneDrive\Documentos\GitHub\flowscript\target\test-classes;C:\Users\jessi\OneDrive\Documentos\GitHub\flowscript\target\classes;C:\Users\jessi\.m2\repository\org\antlr\antlr4-runtime\4.13.1\antlr4-runtime-4.13.1.jar;C:\Users\jessi\.m2\repository\org\openjfx\javafx-controls\21.0.1\javafx-controls-21.0.1.jar;C:\Users\jessi\.m2\repository\org\openjfx\javafx-controls\21.0.1\javafx-controls-21.0.1-win.jar;C:\Users\jessi\.m2\repository\org\openjfx\javafx-graphics\21.0.1\javafx-graphics-21.0.1.jar;C:\Users\jessi\.m2\repository\org\openjfx\javafx-graphics\21.0.1\javafx-graphics-21.0.1-win.jar;C:\Users\jessi\.m2\repository\org\openjfx\javafx-base\21.0.1\javafx-base-21.0.1.jar;C:\Users\jessi\.m2\repository\org\openjfx\javafx-base\21.0.1\javafx-base-21.0.1-win.jar;C:\Users\jessi\.m2\repository\org\openjfx\javafx-fxml\21.0.1\javafx-fxml-21.0.1.jar;C:\Users\jessi\.m2\repository\org\openjfx\javafx-fxml\21.0.1\javafx-fxml-21.0.1-win.jar;C:\Users\jessi\.m2\repository\org\fxmisc\richtext\richtextfx\0.11.2\richtextfx-0.11.2.jar;C:\Users\jessi\.m2\repository\org\reactfx\reactfx\2.0-M5\reactfx-2.0-M5.jar;C:\Users\jessi\.m2\repository\org\fxmisc\undo\undofx\2.1.1\undofx-2.1.1.jar;C:\Users\jessi\.m2\repository\org\fxmisc\flowless\flowless\0.7.2\flowless-0.7.2.jar;C:\Users\jessi\.m2\repository\org\fxmisc\wellbehaved\wellbehavedfx\0.3.3\wellbehavedfx-0.3.3.jar;C:\Users\jessi\.m2\repository\org\controlsfx\controlsfx\11.2.0\controlsfx-11.2.0.jar;C:\Users\jessi\.m2\repository\com\fasterxml\jackson\core\jackson-databind\2.16.0\jackson-databind-2.16.0.jar;C:\Users\jessi\.m2\repository\com\fasterxml\jackson\core\jackson-annotations\2.16.0\jackson-annotations-2.16.0.jar;C:\Users\jessi\.m2\repository\com\fasterxml\jackson\core\jackson-core\2.16.0\jackson-core-2.16.0.jar;C:\Users\jessi\.m2\repository\org\slf4j\slf4j-api\2.0.9\slf4j-api-2.0.9.jar;C:\Users\jessi\.m2\repository\ch\qos\logback\logback-classic\1.4.14\logback-classic-1.4.14.jar;C:\Users\jessi\.m2\repository\ch\qos\logback\logback-core\1.4.14\logback-core-1.4.14.jar;C:\Users\jessi\.m2\repository\org\junit\jupiter\junit-jupiter-engine\5.10.1\junit-jupiter-engine-5.10.1.jar;C:\Users\jessi\.m2\repository\org\junit\platform\junit-platform-engine\1.10.1\junit-platform-engine-1.10.1.jar;C:\Users\jessi\.m2\repository\org\apiguardian\apiguardian-api\1.1.2\apiguardian-api-1.1.2.jar;C:\Users\jessi\.m2\repository\org\junit\jupiter\junit-jupiter-api\5.10.1\junit-jupiter-api-5.10.1.jar;C:\Users\jessi\.m2\repository\org\opentest4j\opentest4j\1.3.0\opentest4j-1.3.0.jar;C:\Users\jessi\.m2\repository\org\junit\platform\junit-platform-commons\1.10.1\junit-platform-commons-1.10.1.jar;C:\Users\jessi\.m2\repository\org\junit\jupiter\junit-jupiter-params\5.10.1\junit-jupiter-params-5.10.1.jar;C:\Users\jessi\.m2\repository\org\yaml\snakeyaml\2.2\snakeyaml-2.2.jar;"/>
    <property name="java.vm.vendor" value="Oracle Corporation"/>
    <property name="sun.arch.data.model" value="64"/>
    <property name="user.variant" value=""/>
    <property name="java.vendor.url" value="https://java.oracle.com/"/>
    <property name="mvnd.terminalWidth" value="96"/>
    <property name="user.timezone" value="America/Bogota"/>
    <property name="os.name" value="Windows 11"/>
    <property name="java.vm.specification.version" value="17"/>
    <property name="sun.java.launcher" value="SUN_STANDARD"/>
    <property name="user.country" value="CO"/>
    <property name="sun.boot.library.path" value="C:\Program Files\Java\jdk-17\bin"/>
    <property name="sun.java.command" value="C:\Users\jessi\AppData\Local\Temp\surefire12563424353731084800\surefirebooter-20250914225307294_3.jar C:\Users\jessi\AppData\Local\Temp\surefire12563424353731084800 2025-09-14T22-53-07_013-jvmRun1 surefire-20250914225307294_1tmp surefire_0-20250914225307294_2tmp"/>
    <property name="jdk.debug" value="release"/>
    <property name="surefire.test.class.path" value="C:\Users\jessi\OneDrive\Documentos\GitHub\flowscript\target\test-classes;C:\Users\jessi\OneDrive\Documentos\GitHub\flowscript\target\classes;C:\Users\jessi\.m2\repository\org\antlr\antlr4-runtime\4.13.1\antlr4-runtime-4.13.1.jar;C:\Users\jessi\.m2\repository\org\openjfx\javafx-controls\21.0.1\javafx-controls-21.0.1.jar;C:\Users\jessi\.m2\repository\org\openjfx\javafx-controls\21.0.1\javafx-controls-21.0.1-win.jar;C:\Users\jessi\.m2\repository\org\openjfx\javafx-graphics\21.0.1\javafx-graphics-21.0.1.jar;C:\Users\jessi\.m2\repository\org\openjfx\javafx-graphics\21.0.1\javafx-graphics-21.0.1-win.jar;C:\Users\jessi\.m2\repository\org\openjfx\javafx-base\21.0.1\javafx-base-21.0.1.jar;C:\Users\jessi\.m2\repository\org\openjfx\javafx-base\21.0.1\javafx-base-21.0.1-win.jar;C:\Users\jessi\.m2\repository\org\openjfx\javafx-fxml\21.0.1\javafx-fxml-21.0.1.jar;C:\Users\jessi\.m2\repository\org\openjfx\javafx-fxml\21.0.1\javafx-fxml-21.0.1-win.jar;C:\Users\jessi\.m2\repository\org\fxmisc\richtext\richtextfx\0.11.2\richtextfx-0.11.2.jar;C:\Users\jessi\.m2\repository\org\reactfx\reactfx\2.0-M5\reactfx-2.0-M5.jar;C:\Users\jessi\.m2\repository\org\fxmisc\undo\undofx\2.1.1\undofx-2.1.1.jar;C:\Users\jessi\.m2\repository\org\fxmisc\flowless\flowless\0.7.2\flowless-0.7.2.jar;C:\Users\jessi\.m2\repository\org\fxmisc\wellbehaved\wellbehavedfx\0.3.3\wellbehavedfx-0.3.3.jar;C:\Users\jessi\.m2\repository\org\controlsfx\controlsfx\11.2.0\controlsfx-11.2.0.jar;C:\Users\jessi\.m2\repository\com\fasterxml\jackson\core\jackson-databind\2.16.0\jackson-databind-2.16.0.jar;C:\Users\jessi\.m2\repository\com\fasterxml\jackson\core\jackson-annotations\2.16.0\jackson-annotations-2.16.0.jar;C:\Users\jessi\.m2\repository\com\fasterxml\jackson\core\jackson-core\2.16.0\jackson-core-2.16.0.jar;C:\Users\jessi\.m2\repository\org\slf4j\slf4j-api\2.0.9\slf4j-api-2.0.9.jar;C:\Users\jessi\.m2\repository\ch\qos\logback\logback-classic\1.4.14\logback-classic-1.4.14.jar;C:\Users\jessi\.m2\repository\ch\qos\logback\logback-core\1.4.14\logback-core-1.4.14.jar;C:\Users\jessi\.m2\repository\org\junit\jupiter\junit-jupiter-engine\5.10.1\junit-jupiter-engine-5.10.1.jar;C:\Users\jessi\.m2\repository\org\junit\platform\junit-platform-engine\1.10.1\junit-platform-engine-1.10.1.jar;C:\Users\jessi\.m2\repository\org\apiguardian\apiguardian-api\1.1.2\apiguardian-api-1.1.2.jar;C:\Users\jessi\.m2\repository\org\junit\jupiter\junit-jupiter-api\5.10.1\junit-jupiter-api-5.10.1.jar;C:\Users\jessi\.m2\repository\org\opentest4j\opentest4j\1.3.0\opentest4j-1.3.0.jar;C:\Users\jessi\.m2\repository\org\junit\platform\junit-platform-commons\1.10.1\junit-platform-commons-1.10.1.jar;C:\Users\jessi\.m2\repository\org\junit\jupiter\junit-jupiter-params\5.10.1\junit-jupiter-params-5.10.1.jar;C:\Users\jessi\.m2\repository\org\yaml\snakeyaml\2.2\snakeyaml-2.2.jar;"/>
    <property name="sun.cpu.endian" value="little"/>
    <property name="user.home" value="C:\Users\jessi"/>
    <property name="user.language" value="es"/>
    <property name="java.specification.vendor" value="Oracle Corporation"/>
    <property name="java.version.date" value="2024-07-16"/>
    <property name="java.home" value="C:\Program Files\Java\jdk-17"/>
    <property name="file.separator" value="\"/>
    <property name="style.color" value="always"/>
    <property name="basedir" value="C:\Users\jessi\OneDrive\Documentos\GitHub\flowscript"/>
    <property name="java.vm.compressedOopsMode" value="Zero based"/>
    <property name="line.separator" value="&#10;"/>
    <property name="java.vm.specification.vendor" value="Oracle Corporation"/>
    <property name="java.specification.name" value="Java Platform API Specification"/>
    <property name="surefire.real.class.path" value="C:\Users\jessi\AppData\Local\Temp\surefire12563424353731084800\surefirebooter-20250914225307294_3.jar"/>
    <property name="user.script" value=""/>
    <property name="sun.management.compiler" value="HotSpot 64-Bit Tiered Compilers"/>
    <property name="java.runtime.version" value="17.0.12+8-LTS-286"/>
    <property name="user.name" value="jessi"/>
    <property name="path.separator" value=";"/>
    <property name="os.version" value="10.0"/>
    <property name="java.runtime.name" value="Java(TM) SE Runtime Environment"/>
    <property name="file.encoding" value="Cp1252"/>
    <property name="java.vm.name" value="Java HotSpot(TM) 64-Bit Server VM"/>
    <property name="localRepository" value="C:\Users\jessi\.m2\repository"/>
    <property name="java.vendor.url.bug" value="https://bugreport.java.com/bugreport/"/>
    <property name="java.io.tmpdir" value="C:\Users\jessi\AppData\Local\Temp\"/>
    <property name="java.version" value="17.0.12"/>
    <property name="user.dir" value="C:\Users\jessi\OneDrive\Documentos\GitHub\flowscript"/>
    <property name="os.arch" value="amd64"/>
    <property name="maven.multiModuleProjectDirectory" value="C:\Users\jessi\OneDrive\Documentos\GitHub\flowscript"/>
    <property name="java.vm.specification.name" value="Java Virtual Machine Specification"/>
    <property name="sun.os.patch.level" value=""/>
    <property name="native.encoding" value="Cp1252"/>
    <property name="java.library.path" value="C:\Program Files\Java\jdk-17\bin;C:\WINDOWS\Sun\Java\bin;C:\WINDOWS\system32;C:\WINDOWS;C:\Program Files\Common Files\Oracle\Java\javapath;C:\Program Files (x86)\VMware\VMware Workstation\bin\;C:\Windows\system32;C:\Windows;C:\Windows\System32\Wbem;C:\Windows\System32\WindowsPowerShell\v1.0\;C:\Windows\System32\OpenSSH\;C:\Program Files\Git\cmd;C:\Program Files\Docker\Docker\resources\bin;C:\Program Files\nodejs\;C:\Program Files\Amazon\AWSCLIV2\;C:\Users\jessi\AppData\Local\Programs\Python\Python312\Scripts;C:\Program Files\Kubernetes\Minikube;;%SystemRoot%\system32;%SystemRoot%;%SystemRoot%\System32\Wbem;%SYSTEMROOT%\System32\WindowsPowerShell\v1.0\;%SYSTEMROOT%\System32\OpenSSH\;C:\Users\jessi\AppData\Local\Programs\Python\Launcher\;C:\Users\jessi\AppData\Local\Microsoft\WindowsApps;C:\Users\jessi\AppData\Local\Programs\Microsoft VS Code\bin;C:\Users\jessi\AppData\Roaming\npm;C:\Users\jessi\AppData\Local\Programs\Python\Python312\Scripts;C:\Users\jessi\AppData\Local\GitHubDesktop\bin;C:\apache-maven\bin;;."/>
    <property name="java.vm.info" value="mixed mode, sharing"/>
    <property name="java.vendor" value="Oracle Corporation"/>
    <property name="java.vm.version" value="17.0.12+8-LTS-286"/>
    <property name="sun.io.unicode.encoding" value="UnicodeLittle"/>
    <property name="java.class.version" value="61.0"/>
  </properties>
  <testcase name="testFlowScriptFunctions" classname="edu.eam.ingesoft.tlf.tester.FlowScriptFunctionsTest" time="0.137">
    <system-out><![CDATA[
================================================================================
INICIANDO PRUEBAS DE GRAMÁTICA: FlowScript Functions
================================================================================
Probando sistema completo de funciones FlowScript
Incluye: declaraciones, parámetros, tipos, control de flujo, recursión

Cargados 49 casos de prueba desde flowscript-functions.yaml
  • Casos válidos esperados: 32
  • Casos inválidos esperados: 17

]]></system-out>
  </testcase>
  <testcase name="testFlowScriptFunctions" classname="edu.eam.ingesoft.tlf.tester.FlowScriptFunctionsTest" time="0.002"/>
  <testcase name="testFlowScriptFunctions" classname="edu.eam.ingesoft.tlf.tester.FlowScriptFunctionsTest" time="0.006"/>
  <testcase name="testFlowScriptFunctions" classname="edu.eam.ingesoft.tlf.tester.FlowScriptFunctionsTest" time="0.011"/>
  <testcase name="testFlowScriptFunctions" classname="edu.eam.ingesoft.tlf.tester.FlowScriptFunctionsTest" time="0.012"/>
  <testcase name="testFlowScriptFunctions" classname="edu.eam.ingesoft.tlf.tester.FlowScriptFunctionsTest" time="0.01"/>
  <testcase name="testFlowScriptFunctions" classname="edu.eam.ingesoft.tlf.tester.FlowScriptFunctionsTest" time="0.006"/>
  <testcase name="testFlowScriptFunctions" classname="edu.eam.ingesoft.tlf.tester.FlowScriptFunctionsTest" time="0.005"/>
  <testcase name="testFlowScriptFunctions" classname="edu.eam.ingesoft.tlf.tester.FlowScriptFunctionsTest" time="0.002"/>
  <testcase name="testFlowScriptFunctions" classname="edu.eam.ingesoft.tlf.tester.FlowScriptFunctionsTest" time="0.003"/>
  <testcase name="testFlowScriptFunctions" classname="edu.eam.ingesoft.tlf.tester.FlowScriptFunctionsTest" time="0.003"/>
  <testcase name="testFlowScriptFunctions" classname="edu.eam.ingesoft.tlf.tester.FlowScriptFunctionsTest" time="0.002"/>
  <testcase name="testFlowScriptFunctions" classname="edu.eam.ingesoft.tlf.tester.FlowScriptFunctionsTest" time="0.007"/>
  <testcase name="testFlowScriptFunctions" classname="edu.eam.ingesoft.tlf.tester.FlowScriptFunctionsTest" time="0.005"/>
  <testcase name="testFlowScriptFunctions" classname="edu.eam.ingesoft.tlf.tester.FlowScriptFunctionsTest" time="0.002"/>
  <testcase name="testFlowScriptFunctions" classname="edu.eam.ingesoft.tlf.tester.FlowScriptFunctionsTest" time="0.005"/>
  <testcase name="testFlowScriptFunctions" classname="edu.eam.ingesoft.tlf.tester.FlowScriptFunctionsTest" time="0.006"/>
  <testcase name="testFlowScriptFunctions" classname="edu.eam.ingesoft.tlf.tester.FlowScriptFunctionsTest" time="0.006"/>
  <testcase name="testFlowScriptFunctions" classname="edu.eam.ingesoft.tlf.tester.FlowScriptFunctionsTest" time="0.002"/>
  <testcase name="testFlowScriptFunctions" classname="edu.eam.ingesoft.tlf.tester.FlowScriptFunctionsTest" time="0.008"/>
  <testcase name="testFlowScriptFunctions" classname="edu.eam.ingesoft.tlf.tester.FlowScriptFunctionsTest" time="0.011"/>
  <testcase name="testFlowScriptFunctions" classname="edu.eam.ingesoft.tlf.tester.FlowScriptFunctionsTest" time="0.005"/>
  <testcase name="testFlowScriptFunctions" classname="edu.eam.ingesoft.tlf.tester.FlowScriptFunctionsTest" time="0.012"/>
  <testcase name="testFlowScriptFunctions" classname="edu.eam.ingesoft.tlf.tester.FlowScriptFunctionsTest" time="0.008"/>
  <testcase name="testFlowScriptFunctions" classname="edu.eam.ingesoft.tlf.tester.FlowScriptFunctionsTest" time="0.005"/>
  <testcase name="testFlowScriptFunctions" classname="edu.eam.ingesoft.tlf.tester.FlowScriptFunctionsTest" time="0.008"/>
  <testcase name="testFlowScriptFunctions" classname="edu.eam.ingesoft.tlf.tester.FlowScriptFunctionsTest" time="0.004"/>
  <testcase name="testFlowScriptFunctions" classname="edu.eam.ingesoft.tlf.tester.FlowScriptFunctionsTest" time="0.004"/>
  <testcase name="testFlowScriptFunctions" classname="edu.eam.ingesoft.tlf.tester.FlowScriptFunctionsTest" time="0.002"/>
  <testcase name="testFlowScriptFunctions" classname="edu.eam.ingesoft.tlf.tester.FlowScriptFunctionsTest" time="0.002"/>
  <testcase name="testFlowScriptFunctions" classname="edu.eam.ingesoft.tlf.tester.FlowScriptFunctionsTest" time="0.002"/>
  <testcase name="testFlowScriptFunctions" classname="edu.eam.ingesoft.tlf.tester.FlowScriptFunctionsTest" time="0.004"/>
  <testcase name="testFlowScriptFunctions" classname="edu.eam.ingesoft.tlf.tester.FlowScriptFunctionsTest" time="0.005"/>
  <testcase name="testFlowScriptFunctions" classname="edu.eam.ingesoft.tlf.tester.FlowScriptFunctionsTest" time="0.002"/>
  <testcase name="testFlowScriptFunctions" classname="edu.eam.ingesoft.tlf.tester.FlowScriptFunctionsTest" time="0.003"/>
  <testcase name="testFlowScriptFunctions" classname="edu.eam.ingesoft.tlf.tester.FlowScriptFunctionsTest" time="0.002"/>
  <testcase name="testFlowScriptFunctions" classname="edu.eam.ingesoft.tlf.tester.FlowScriptFunctionsTest" time="0.002"/>
  <testcase name="testFlowScriptFunctions" classname="edu.eam.ingesoft.tlf.tester.FlowScriptFunctionsTest" time="0.002"/>
  <testcase name="testFlowScriptFunctions" classname="edu.eam.ingesoft.tlf.tester.FlowScriptFunctionsTest" time="0.003"/>
  <testcase name="testFlowScriptFunctions" classname="edu.eam.ingesoft.tlf.tester.FlowScriptFunctionsTest" time="0.002"/>
  <testcase name="testFlowScriptFunctions" classname="edu.eam.ingesoft.tlf.tester.FlowScriptFunctionsTest" time="0.002"/>
  <testcase name="testFlowScriptFunctions" classname="edu.eam.ingesoft.tlf.tester.FlowScriptFunctionsTest" time="0.002"/>
  <testcase name="testFlowScriptFunctions" classname="edu.eam.ingesoft.tlf.tester.FlowScriptFunctionsTest" time="0.003"/>
  <testcase name="testFlowScriptFunctions" classname="edu.eam.ingesoft.tlf.tester.FlowScriptFunctionsTest" time="0.004"/>
  <testcase name="testFlowScriptFunctions" classname="edu.eam.ingesoft.tlf.tester.FlowScriptFunctionsTest" time="0.001"/>
  <testcase name="testFlowScriptFunctions" classname="edu.eam.ingesoft.tlf.tester.FlowScriptFunctionsTest" time="0.001"/>
  <testcase name="testFlowScriptFunctions" classname="edu.eam.ingesoft.tlf.tester.FlowScriptFunctionsTest" time="0.01"/>
  <testcase name="testFlowScriptFunctions" classname="edu.eam.ingesoft.tlf.tester.FlowScriptFunctionsTest" time="0.002"/>
  <testcase name="testFlowScriptFunctions" classname="edu.eam.ingesoft.tlf.tester.FlowScriptFunctionsTest" time="0.001"/>
</testsuite>