<?xml version="1.0" encoding="UTF-8"?>
<testsuite xmlns:xsi="http://www.w3.org/2001/XMLSchema-instance" xsi:noNamespaceSchemaLocation="https://maven.apache.org/surefire/maven-surefire-plugin/xsd/surefire-test-report-3.0.xsd" version="3.0" name="edu.eam.ingesoft.tlf.tester.FlowScriptFunctionsTest" time="0.31" tests="49" errors="0" skipped="0" failures="0">
  <properties>
    <property name="java.specification.version" value="21"/>
    <property name="sun.cpu.isalist" value="amd64"/>
    <property name="sun.jnu.encoding" value="UTF-8"/>
    <property name="java.class.path" value="C:\Users\Alejandro\Documents\EAM\9-NOVENO-SEMESTRE\lenguajes_formales\code\parcial1-fork\target\test-classes;C:\Users\Alejandro\Documents\EAM\9-NOVENO-SEMESTRE\lenguajes_formales\code\parcial1-fork\target\classes;C:\Users\Alejandro\.m2\repository\org\antlr\antlr4-runtime\4.13.1\antlr4-runtime-4.13.1.jar;C:\Users\Alejandro\.m2\repository\org\openjfx\javafx-controls\21.0.1\javafx-controls-21.0.1.jar;C:\Users\Alejandro\.m2\repository\org\openjfx\javafx-controls\21.0.1\javafx-controls-21.0.1-win.jar;C:\Users\Alejandro\.m2\repository\org\openjfx\javafx-graphics\21.0.1\javafx-graphics-21.0.1.jar;C:\Users\Alejandro\.m2\repository\org\openjfx\javafx-graphics\21.0.1\javafx-graphics-21.0.1-win.jar;C:\Users\Alejandro\.m2\repository\org\openjfx\javafx-base\21.0.1\javafx-base-21.0.1.jar;C:\Users\Alejandro\.m2\repository\org\openjfx\javafx-base\21.0.1\javafx-base-21.0.1-win.jar;C:\Users\Alejandro\.m2\repository\org\openjfx\javafx-fxml\21.0.1\javafx-fxml-21.0.1.jar;C:\Users\Alejandro\.m2\repository\org\openjfx\javafx-fxml\21.0.1\javafx-fxml-21.0.1-win.jar;C:\Users\Alejandro\.m2\repository\org\fxmisc\richtext\richtextfx\0.11.2\richtextfx-0.11.2.jar;C:\Users\Alejandro\.m2\repository\org\reactfx\reactfx\2.0-M5\reactfx-2.0-M5.jar;C:\Users\Alejandro\.m2\repository\org\fxmisc\undo\undofx\2.1.1\undofx-2.1.1.jar;C:\Users\Alejandro\.m2\repository\org\fxmisc\flowless\flowless\0.7.2\flowless-0.7.2.jar;C:\Users\Alejandro\.m2\repository\org\fxmisc\wellbehaved\wellbehavedfx\0.3.3\wellbehavedfx-0.3.3.jar;C:\Users\Alejandro\.m2\repository\org\controlsfx\controlsfx\11.2.0\controlsfx-11.2.0.jar;C:\Users\Alejandro\.m2\repository\com\fasterxml\jackson\core\jackson-databind\2.16.0\jackson-databind-2.16.0.jar;C:\Users\Alejandro\.m2\repository\com\fasterxml\jackson\core\jackson-annotations\2.16.0\jackson-annotations-2.16.0.jar;C:\Users\Alejandro\.m2\repository\com\fasterxml\jackson\core\jackson-core\2.16.0\jackson-core-2.16.0.jar;C:\Users\Alejandro\.m2\repository\org\slf4j\slf4j-api\2.0.9\slf4j-api-2.0.9.jar;C:\Users\Alejandro\.m2\repository\ch\qos\logback\logback-classic\1.4.14\logback-classic-1.4.14.jar;C:\Users\Alejandro\.m2\repository\ch\qos\logback\logback-core\1.4.14\logback-core-1.4.14.jar;C:\Users\Alejandro\.m2\repository\org\junit\jupiter\junit-jupiter-engine\5.10.1\junit-jupiter-engine-5.10.1.jar;C:\Users\Alejandro\.m2\repository\org\junit\platform\junit-platform-engine\1.10.1\junit-platform-engine-1.10.1.jar;C:\Users\Alejandro\.m2\repository\org\apiguardian\apiguardian-api\1.1.2\apiguardian-api-1.1.2.jar;C:\Users\Alejandro\.m2\repository\org\junit\jupiter\junit-jupiter-api\5.10.1\junit-jupiter-api-5.10.1.jar;C:\Users\Alejandro\.m2\repository\org\opentest4j\opentest4j\1.3.0\opentest4j-1.3.0.jar;C:\Users\Alejandro\.m2\repository\org\junit\platform\junit-platform-commons\1.10.1\junit-platform-commons-1.10.1.jar;C:\Users\Alejandro\.m2\repository\org\junit\jupiter\junit-jupiter-params\5.10.1\junit-jupiter-params-5.10.1.jar;C:\Users\Alejandro\.m2\repository\org\yaml\snakeyaml\2.2\snakeyaml-2.2.jar;"/>
    <property name="java.vm.vendor" value="Oracle Corporation"/>
    <property name="sun.arch.data.model" value="64"/>
    <property name="user.variant" value=""/>
    <property name="java.vendor.url" value="https://java.oracle.com/"/>
    <property name="user.timezone" value="America/Bogota"/>
    <property name="os.name" value="Windows 11"/>
    <property name="java.vm.specification.version" value="21"/>
    <property name="sun.java.launcher" value="SUN_STANDARD"/>
    <property name="user.country" value="CO"/>
    <property name="sun.boot.library.path" value="C:\Program Files\Java\jdk-21\bin"/>
    <property name="sun.java.command" value="C:\Users\Alejandro\AppData\Local\Temp\surefire4955456681119722353\surefirebooter-20250914153633898_3.jar C:\Users\Alejandro\AppData\Local\Temp\surefire4955456681119722353 2025-09-14T15-36-33_788-jvmRun1 surefire-20250914153633898_1tmp surefire_0-20250914153633898_2tmp"/>
    <property name="jdk.debug" value="release"/>
    <property name="test" value="*Functions*"/>
    <property name="surefire.test.class.path" value="C:\Users\Alejandro\Documents\EAM\9-NOVENO-SEMESTRE\lenguajes_formales\code\parcial1-fork\target\test-classes;C:\Users\Alejandro\Documents\EAM\9-NOVENO-SEMESTRE\lenguajes_formales\code\parcial1-fork\target\classes;C:\Users\Alejandro\.m2\repository\org\antlr\antlr4-runtime\4.13.1\antlr4-runtime-4.13.1.jar;C:\Users\Alejandro\.m2\repository\org\openjfx\javafx-controls\21.0.1\javafx-controls-21.0.1.jar;C:\Users\Alejandro\.m2\repository\org\openjfx\javafx-controls\21.0.1\javafx-controls-21.0.1-win.jar;C:\Users\Alejandro\.m2\repository\org\openjfx\javafx-graphics\21.0.1\javafx-graphics-21.0.1.jar;C:\Users\Alejandro\.m2\repository\org\openjfx\javafx-graphics\21.0.1\javafx-graphics-21.0.1-win.jar;C:\Users\Alejandro\.m2\repository\org\openjfx\javafx-base\21.0.1\javafx-base-21.0.1.jar;C:\Users\Alejandro\.m2\repository\org\openjfx\javafx-base\21.0.1\javafx-base-21.0.1-win.jar;C:\Users\Alejandro\.m2\repository\org\openjfx\javafx-fxml\21.0.1\javafx-fxml-21.0.1.jar;C:\Users\Alejandro\.m2\repository\org\openjfx\javafx-fxml\21.0.1\javafx-fxml-21.0.1-win.jar;C:\Users\Alejandro\.m2\repository\org\fxmisc\richtext\richtextfx\0.11.2\richtextfx-0.11.2.jar;C:\Users\Alejandro\.m2\repository\org\reactfx\reactfx\2.0-M5\reactfx-2.0-M5.jar;C:\Users\Alejandro\.m2\repository\org\fxmisc\undo\undofx\2.1.1\undofx-2.1.1.jar;C:\Users\Alejandro\.m2\repository\org\fxmisc\flowless\flowless\0.7.2\flowless-0.7.2.jar;C:\Users\Alejandro\.m2\repository\org\fxmisc\wellbehaved\wellbehavedfx\0.3.3\wellbehavedfx-0.3.3.jar;C:\Users\Alejandro\.m2\repository\org\controlsfx\controlsfx\11.2.0\controlsfx-11.2.0.jar;C:\Users\Alejandro\.m2\repository\com\fasterxml\jackson\core\jackson-databind\2.16.0\jackson-databind-2.16.0.jar;C:\Users\Alejandro\.m2\repository\com\fasterxml\jackson\core\jackson-annotations\2.16.0\jackson-annotations-2.16.0.jar;C:\Users\Alejandro\.m2\repository\com\fasterxml\jackson\core\jackson-core\2.16.0\jackson-core-2.16.0.jar;C:\Users\Alejandro\.m2\repository\org\slf4j\slf4j-api\2.0.9\slf4j-api-2.0.9.jar;C:\Users\Alejandro\.m2\repository\ch\qos\logback\logback-classic\1.4.14\logback-classic-1.4.14.jar;C:\Users\Alejandro\.m2\repository\ch\qos\logback\logback-core\1.4.14\logback-core-1.4.14.jar;C:\Users\Alejandro\.m2\repository\org\junit\jupiter\junit-jupiter-engine\5.10.1\junit-jupiter-engine-5.10.1.jar;C:\Users\Alejandro\.m2\repository\org\junit\platform\junit-platform-engine\1.10.1\junit-platform-engine-1.10.1.jar;C:\Users\Alejandro\.m2\repository\org\apiguardian\apiguardian-api\1.1.2\apiguardian-api-1.1.2.jar;C:\Users\Alejandro\.m2\repository\org\junit\jupiter\junit-jupiter-api\5.10.1\junit-jupiter-api-5.10.1.jar;C:\Users\Alejandro\.m2\repository\org\opentest4j\opentest4j\1.3.0\opentest4j-1.3.0.jar;C:\Users\Alejandro\.m2\repository\org\junit\platform\junit-platform-commons\1.10.1\junit-platform-commons-1.10.1.jar;C:\Users\Alejandro\.m2\repository\org\junit\jupiter\junit-jupiter-params\5.10.1\junit-jupiter-params-5.10.1.jar;C:\Users\Alejandro\.m2\repository\org\yaml\snakeyaml\2.2\snakeyaml-2.2.jar;"/>
    <property name="sun.cpu.endian" value="little"/>
    <property name="user.home" value="C:\Users\Alejandro"/>
    <property name="user.language" value="es"/>
    <property name="java.specification.vendor" value="Oracle Corporation"/>
    <property name="java.version.date" value="2024-01-16"/>
    <property name="java.home" value="C:\Program Files\Java\jdk-21"/>
    <property name="file.separator" value="\"/>
    <property name="basedir" value="C:\Users\Alejandro\Documents\EAM\9-NOVENO-SEMESTRE\lenguajes_formales\code\parcial1-fork"/>
    <property name="java.vm.compressedOopsMode" value="Zero based"/>
    <property name="line.separator" value="&#10;"/>
    <property name="java.vm.specification.vendor" value="Oracle Corporation"/>
    <property name="java.specification.name" value="Java Platform API Specification"/>
    <property name="surefire.real.class.path" value="C:\Users\Alejandro\AppData\Local\Temp\surefire4955456681119722353\surefirebooter-20250914153633898_3.jar"/>
    <property name="user.script" value=""/>
    <property name="sun.management.compiler" value="HotSpot 64-Bit Tiered Compilers"/>
    <property name="java.runtime.version" value="21.0.2+13-LTS-58"/>
    <property name="user.name" value="Alejandro"/>
    <property name="stdout.encoding" value="UTF-8"/>
    <property name="path.separator" value=";"/>
    <property name="os.version" value="10.0"/>
    <property name="java.runtime.name" value="Java(TM) SE Runtime Environment"/>
    <property name="file.encoding" value="UTF-8"/>
    <property name="java.vm.name" value="Java HotSpot(TM) 64-Bit Server VM"/>
    <property name="localRepository" value="C:\Users\Alejandro\.m2\repository"/>
    <property name="java.vendor.url.bug" value="https://bugreport.java.com/bugreport/"/>
    <property name="java.io.tmpdir" value="C:\Users\ALEJAN~1\AppData\Local\Temp\"/>
    <property name="java.version" value="21.0.2"/>
    <property name="user.dir" value="C:\Users\Alejandro\Documents\EAM\9-NOVENO-SEMESTRE\lenguajes_formales\code\parcial1-fork"/>
    <property name="os.arch" value="amd64"/>
    <property name="java.vm.specification.name" value="Java Virtual Machine Specification"/>
    <property name="sun.os.patch.level" value=""/>
    <property name="native.encoding" value="UTF-8"/>
    <property name="java.library.path" value="C:\Program Files\Java\jdk-21\bin;C:\WINDOWS\Sun\Java\bin;C:\WINDOWS\system32;C:\WINDOWS;C:\Program Files\Common Files\Oracle\Java\javapath;C:\WINDOWS\system32;C:\WINDOWS;C:\WINDOWS\System32\Wbem;C:\WINDOWS\System32\WindowsPowerShell\v1.0\;C:\WINDOWS\System32\OpenSSH\;C:\Program Files\dotnet\;C:\Program Files\NVIDIA Corporation\NVIDIA NvDLISR;C:\Program Files (x86)\NVIDIA Corporation\PhysX\Common;C:\Program Files\Docker\Docker\resources\bin;C:\Program Files\Azure Data Studio\bin;C:\ProgramData\chocolatey\bin;C:\Users\Alejandro\AppData\Roaming\nvm;C:\Program Files\nodejs;C:\php;C:\ProgramData\ComposerSetup\bin;C:\Program Files\Git\cmd;c:\Users\Alejandro\AppData\Local\Programs\cursor\resources\app\bin;C:\apache-maven-3.9.11\bin;C:\Program Files\PowerShell\7\;C:\Users\Alejandro\AppData\Local\Programs\Python\Python312\Scripts\;C:\Users\Alejandro\AppData\Local\Programs\Python\Python312\;C:\Users\Alejandro\AppData\Local\Microsoft\WindowsApps;C:\Users\Alejandro\AppData\Local\Programs\Microsoft VS Code\bin;C:\Program Files\Azure Data Studio\bin;C:\Users\Alejandro\AppData\Roaming\npm;C:\Users\Alejandro\AppData\Roaming\nvm;C:\Program Files\nodejs;C:\Users\Alejandro\miniconda3;C:\Users\Alejandro\miniconda3\Library\mingw-w64\bin;C:\Users\Alejandro\miniconda3\Library\usr\bin;C:\Users\Alejandro\miniconda3\Library\bin;C:\Users\Alejandro\miniconda3\Scripts;C:\Users\Alejandro\AppData\Roaming\Composer\vendor\bin;C:\Users\Alejandro\AppData\Roaming\Programs\Zero Install;C:\Program Files\JetBrains\WebStorm 2024.2.4\bin;;C:\WINDOWS\system32\config\systemprofile\AppData\Local\Microsoft\WindowsApps;C:\Users\Alejandro\AppData\Local\Programs\cursor\resources\app\bin;C:\Program Files\Lens\resources\cli\bin;."/>
    <property name="java.vm.info" value="mixed mode, sharing"/>
    <property name="stderr.encoding" value="UTF-8"/>
    <property name="java.vendor" value="Oracle Corporation"/>
    <property name="java.vm.version" value="21.0.2+13-LTS-58"/>
    <property name="sun.io.unicode.encoding" value="UnicodeLittle"/>
    <property name="java.class.version" value="65.0"/>
  </properties>
  <testcase name="testFlowScriptFunctions" classname="edu.eam.ingesoft.tlf.tester.FlowScriptFunctionsTest" time="0.084">
    <system-out><![CDATA[
================================================================================
INICIANDO PRUEBAS DE GRAMÁTICA: FlowScript Functions
================================================================================
Probando sistema completo de funciones FlowScript
Incluye: declaraciones, parámetros, tipos, control de flujo, recursión

Cargados 49 casos de prueba desde flowscript-functions.yaml
  • Casos válidos esperados: 32
  • Casos inválidos esperados: 17

]]></system-out>
  </testcase>
  <testcase name="testFlowScriptFunctions" classname="edu.eam.ingesoft.tlf.tester.FlowScriptFunctionsTest" time="0.001"/>
  <testcase name="testFlowScriptFunctions" classname="edu.eam.ingesoft.tlf.tester.FlowScriptFunctionsTest" time="0.003"/>
  <testcase name="testFlowScriptFunctions" classname="edu.eam.ingesoft.tlf.tester.FlowScriptFunctionsTest" time="0.003"/>
  <testcase name="testFlowScriptFunctions" classname="edu.eam.ingesoft.tlf.tester.FlowScriptFunctionsTest" time="0.004"/>
  <testcase name="testFlowScriptFunctions" classname="edu.eam.ingesoft.tlf.tester.FlowScriptFunctionsTest" time="0.005"/>
  <testcase name="testFlowScriptFunctions" classname="edu.eam.ingesoft.tlf.tester.FlowScriptFunctionsTest" time="0.002"/>
  <testcase name="testFlowScriptFunctions" classname="edu.eam.ingesoft.tlf.tester.FlowScriptFunctionsTest" time="0.003"/>
  <testcase name="testFlowScriptFunctions" classname="edu.eam.ingesoft.tlf.tester.FlowScriptFunctionsTest" time="0.004"/>
  <testcase name="testFlowScriptFunctions" classname="edu.eam.ingesoft.tlf.tester.FlowScriptFunctionsTest" time="0.003"/>
  <testcase name="testFlowScriptFunctions" classname="edu.eam.ingesoft.tlf.tester.FlowScriptFunctionsTest" time="0.001"/>
  <testcase name="testFlowScriptFunctions" classname="edu.eam.ingesoft.tlf.tester.FlowScriptFunctionsTest" time="0.001"/>
  <testcase name="testFlowScriptFunctions" classname="edu.eam.ingesoft.tlf.tester.FlowScriptFunctionsTest" time="0.005"/>
  <testcase name="testFlowScriptFunctions" classname="edu.eam.ingesoft.tlf.tester.FlowScriptFunctionsTest" time="0.004"/>
  <testcase name="testFlowScriptFunctions" classname="edu.eam.ingesoft.tlf.tester.FlowScriptFunctionsTest" time="0.001"/>
  <testcase name="testFlowScriptFunctions" classname="edu.eam.ingesoft.tlf.tester.FlowScriptFunctionsTest" time="0.005"/>
  <testcase name="testFlowScriptFunctions" classname="edu.eam.ingesoft.tlf.tester.FlowScriptFunctionsTest" time="0.009"/>
  <testcase name="testFlowScriptFunctions" classname="edu.eam.ingesoft.tlf.tester.FlowScriptFunctionsTest" time="0.003"/>
  <testcase name="testFlowScriptFunctions" classname="edu.eam.ingesoft.tlf.tester.FlowScriptFunctionsTest" time="0.002"/>
  <testcase name="testFlowScriptFunctions" classname="edu.eam.ingesoft.tlf.tester.FlowScriptFunctionsTest" time="0.003"/>
  <testcase name="testFlowScriptFunctions" classname="edu.eam.ingesoft.tlf.tester.FlowScriptFunctionsTest" time="0.007"/>
  <testcase name="testFlowScriptFunctions" classname="edu.eam.ingesoft.tlf.tester.FlowScriptFunctionsTest" time="0.002"/>
  <testcase name="testFlowScriptFunctions" classname="edu.eam.ingesoft.tlf.tester.FlowScriptFunctionsTest" time="0.005"/>
  <testcase name="testFlowScriptFunctions" classname="edu.eam.ingesoft.tlf.tester.FlowScriptFunctionsTest" time="0.002"/>
  <testcase name="testFlowScriptFunctions" classname="edu.eam.ingesoft.tlf.tester.FlowScriptFunctionsTest" time="0.002"/>
  <testcase name="testFlowScriptFunctions" classname="edu.eam.ingesoft.tlf.tester.FlowScriptFunctionsTest" time="0.001"/>
  <testcase name="testFlowScriptFunctions" classname="edu.eam.ingesoft.tlf.tester.FlowScriptFunctionsTest" time="0.002"/>
  <testcase name="testFlowScriptFunctions" classname="edu.eam.ingesoft.tlf.tester.FlowScriptFunctionsTest" time="0.001"/>
  <testcase name="testFlowScriptFunctions" classname="edu.eam.ingesoft.tlf.tester.FlowScriptFunctionsTest" time="0.002"/>
  <testcase name="testFlowScriptFunctions" classname="edu.eam.ingesoft.tlf.tester.FlowScriptFunctionsTest" time="0.0"/>
  <testcase name="testFlowScriptFunctions" classname="edu.eam.ingesoft.tlf.tester.FlowScriptFunctionsTest" time="0.001"/>
  <testcase name="testFlowScriptFunctions" classname="edu.eam.ingesoft.tlf.tester.FlowScriptFunctionsTest" time="0.001"/>
  <testcase name="testFlowScriptFunctions" classname="edu.eam.ingesoft.tlf.tester.FlowScriptFunctionsTest" time="0.0"/>
  <testcase name="testFlowScriptFunctions" classname="edu.eam.ingesoft.tlf.tester.FlowScriptFunctionsTest" time="0.001"/>
  <testcase name="testFlowScriptFunctions" classname="edu.eam.ingesoft.tlf.tester.FlowScriptFunctionsTest" time="0.001"/>
  <testcase name="testFlowScriptFunctions" classname="edu.eam.ingesoft.tlf.tester.FlowScriptFunctionsTest" time="0.0"/>
  <testcase name="testFlowScriptFunctions" classname="edu.eam.ingesoft.tlf.tester.FlowScriptFunctionsTest" time="0.002"/>
  <testcase name="testFlowScriptFunctions" classname="edu.eam.ingesoft.tlf.tester.FlowScriptFunctionsTest" time="0.0"/>
  <testcase name="testFlowScriptFunctions" classname="edu.eam.ingesoft.tlf.tester.FlowScriptFunctionsTest" time="0.0"/>
  <testcase name="testFlowScriptFunctions" classname="edu.eam.ingesoft.tlf.tester.FlowScriptFunctionsTest" time="0.001"/>
  <testcase name="testFlowScriptFunctions" classname="edu.eam.ingesoft.tlf.tester.FlowScriptFunctionsTest" time="0.001"/>
  <testcase name="testFlowScriptFunctions" classname="edu.eam.ingesoft.tlf.tester.FlowScriptFunctionsTest" time="0.0"/>
  <testcase name="testFlowScriptFunctions" classname="edu.eam.ingesoft.tlf.tester.FlowScriptFunctionsTest" time="0.001"/>
  <testcase name="testFlowScriptFunctions" classname="edu.eam.ingesoft.tlf.tester.FlowScriptFunctionsTest" time="0.001"/>
  <testcase name="testFlowScriptFunctions" classname="edu.eam.ingesoft.tlf.tester.FlowScriptFunctionsTest" time="0.001"/>
  <testcase name="testFlowScriptFunctions" classname="edu.eam.ingesoft.tlf.tester.FlowScriptFunctionsTest" time="0.0"/>
  <testcase name="testFlowScriptFunctions" classname="edu.eam.ingesoft.tlf.tester.FlowScriptFunctionsTest" time="0.0"/>
  <testcase name="testFlowScriptFunctions" classname="edu.eam.ingesoft.tlf.tester.FlowScriptFunctionsTest" time="0.002"/>
  <testcase name="testFlowScriptFunctions" classname="edu.eam.ingesoft.tlf.tester.FlowScriptFunctionsTest" time="0.001"/>
</testsuite>